CRITICAL - 2023-12-09 04:52:10 --> Call to a member function getRandomName() on null
in APPPATH\Controllers\FlowerController.php on line 35.
 1 SYSTEMPATH\CodeIgniter.php(942): App\Controllers\FlowerController->create()
 2 SYSTEMPATH\CodeIgniter.php(502): CodeIgniter\CodeIgniter->runController(Object(App\Controllers\FlowerController))
 3 SYSTEMPATH\CodeIgniter.php(361): CodeIgniter\CodeIgniter->handleRequest(null, Object(Config\Cache), false)
 4 FCPATH\index.php(79): CodeIgniter\CodeIgniter->run()
 5 SYSTEMPATH\Commands\Server\rewrite.php(47): require_once('D:\\Koding Related\\Source Code\\PHP\\Codeigniter 4\\OTHER\\flower-asset\\public\\index.php')
CRITICAL - 2023-12-09 04:53:51 --> Call to a member function getRandomName() on null
in APPPATH\Controllers\FlowerController.php on line 35.
 1 SYSTEMPATH\CodeIgniter.php(942): App\Controllers\FlowerController->create()
 2 SYSTEMPATH\CodeIgniter.php(502): CodeIgniter\CodeIgniter->runController(Object(App\Controllers\FlowerController))
 3 SYSTEMPATH\CodeIgniter.php(361): CodeIgniter\CodeIgniter->handleRequest(null, Object(Config\Cache), false)
 4 FCPATH\index.php(79): CodeIgniter\CodeIgniter->run()
 5 SYSTEMPATH\Commands\Server\rewrite.php(47): require_once('D:\\Koding Related\\Source Code\\PHP\\Codeigniter 4\\OTHER\\flower-asset\\public\\index.php')
CRITICAL - 2023-12-09 04:54:40 --> Call to a member function getName() on null
in APPPATH\Controllers\FlowerController.php on line 35.
 1 SYSTEMPATH\CodeIgniter.php(942): App\Controllers\FlowerController->create()
 2 SYSTEMPATH\CodeIgniter.php(502): CodeIgniter\CodeIgniter->runController(Object(App\Controllers\FlowerController))
 3 SYSTEMPATH\CodeIgniter.php(361): CodeIgniter\CodeIgniter->handleRequest(null, Object(Config\Cache), false)
 4 FCPATH\index.php(79): CodeIgniter\CodeIgniter->run()
 5 SYSTEMPATH\Commands\Server\rewrite.php(47): require_once('D:\\Koding Related\\Source Code\\PHP\\Codeigniter 4\\OTHER\\flower-asset\\public\\index.php')
CRITICAL - 2023-12-09 04:56:46 --> Call to a member function getName() on null
in APPPATH\Controllers\FlowerController.php on line 35.
 1 SYSTEMPATH\CodeIgniter.php(942): App\Controllers\FlowerController->create()
 2 SYSTEMPATH\CodeIgniter.php(502): CodeIgniter\CodeIgniter->runController(Object(App\Controllers\FlowerController))
 3 SYSTEMPATH\CodeIgniter.php(361): CodeIgniter\CodeIgniter->handleRequest(null, Object(Config\Cache), false)
 4 FCPATH\index.php(79): CodeIgniter\CodeIgniter->run()
 5 SYSTEMPATH\Commands\Server\rewrite.php(47): require_once('D:\\Koding Related\\Source Code\\PHP\\Codeigniter 4\\OTHER\\flower-asset\\public\\index.php')
CRITICAL - 2023-12-09 04:57:26 --> Call to a member function getName() on null
in APPPATH\Controllers\FlowerController.php on line 35.
 1 SYSTEMPATH\CodeIgniter.php(942): App\Controllers\FlowerController->create()
 2 SYSTEMPATH\CodeIgniter.php(502): CodeIgniter\CodeIgniter->runController(Object(App\Controllers\FlowerController))
 3 SYSTEMPATH\CodeIgniter.php(361): CodeIgniter\CodeIgniter->handleRequest(null, Object(Config\Cache), false)
 4 FCPATH\index.php(79): CodeIgniter\CodeIgniter->run()
 5 SYSTEMPATH\Commands\Server\rewrite.php(47): require_once('D:\\Koding Related\\Source Code\\PHP\\Codeigniter 4\\OTHER\\flower-asset\\public\\index.php')
CRITICAL - 2023-12-09 04:57:32 --> Call to a member function getName() on null
in APPPATH\Controllers\FlowerController.php on line 35.
 1 SYSTEMPATH\CodeIgniter.php(942): App\Controllers\FlowerController->create()
 2 SYSTEMPATH\CodeIgniter.php(502): CodeIgniter\CodeIgniter->runController(Object(App\Controllers\FlowerController))
 3 SYSTEMPATH\CodeIgniter.php(361): CodeIgniter\CodeIgniter->handleRequest(null, Object(Config\Cache), false)
 4 FCPATH\index.php(79): CodeIgniter\CodeIgniter->run()
 5 SYSTEMPATH\Commands\Server\rewrite.php(47): require_once('D:\\Koding Related\\Source Code\\PHP\\Codeigniter 4\\OTHER\\flower-asset\\public\\index.php')
CRITICAL - 2023-12-09 06:59:39 --> Undefined index: name
in APPPATH\Controllers\FlowerTypeController.php on line 30.
 1 APPPATH\Controllers\FlowerTypeController.php(30): CodeIgniter\Debug\Exceptions->errorHandler(8, 'Undefined index: name', 'D:\\Koding Related\\Source Code\\PHP\\Codeigniter 4\\OTHER\\flower-asset\\app\\Controllers\\FlowerTypeController.php', 30, [...])
 2 SYSTEMPATH\CodeIgniter.php(942): App\Controllers\FlowerTypeController->fetchFlowersType()
 3 SYSTEMPATH\CodeIgniter.php(502): CodeIgniter\CodeIgniter->runController(Object(App\Controllers\FlowerTypeController))
 4 SYSTEMPATH\CodeIgniter.php(361): CodeIgniter\CodeIgniter->handleRequest(null, Object(Config\Cache), false)
 5 FCPATH\index.php(79): CodeIgniter\CodeIgniter->run()
 6 SYSTEMPATH\Commands\Server\rewrite.php(47): require_once('D:\\Koding Related\\Source Code\\PHP\\Codeigniter 4\\OTHER\\flower-asset\\public\\index.php')
CRITICAL - 2023-12-09 06:59:41 --> Undefined index: name
in APPPATH\Controllers\FlowerTypeController.php on line 30.
 1 APPPATH\Controllers\FlowerTypeController.php(30): CodeIgniter\Debug\Exceptions->errorHandler(8, 'Undefined index: name', 'D:\\Koding Related\\Source Code\\PHP\\Codeigniter 4\\OTHER\\flower-asset\\app\\Controllers\\FlowerTypeController.php', 30, [...])
 2 SYSTEMPATH\CodeIgniter.php(942): App\Controllers\FlowerTypeController->fetchFlowersType()
 3 SYSTEMPATH\CodeIgniter.php(502): CodeIgniter\CodeIgniter->runController(Object(App\Controllers\FlowerTypeController))
 4 SYSTEMPATH\CodeIgniter.php(361): CodeIgniter\CodeIgniter->handleRequest(null, Object(Config\Cache), false)
 5 FCPATH\index.php(79): CodeIgniter\CodeIgniter->run()
 6 SYSTEMPATH\Commands\Server\rewrite.php(47): require_once('D:\\Koding Related\\Source Code\\PHP\\Codeigniter 4\\OTHER\\flower-asset\\public\\index.php')
CRITICAL - 2023-12-09 07:31:29 --> Trying to access array offset on value of type null
in APPPATH\Controllers\FlowerController.php on line 34.
 1 APPPATH\Controllers\FlowerController.php(34): CodeIgniter\Debug\Exceptions->errorHandler(8, 'Trying to access array offset on value of type null', 'D:\\Koding Related\\Source Code\\PHP\\Codeigniter 4\\OTHER\\flower-asset\\app\\Controllers\\FlowerController.php', 34, [...])
 2 SYSTEMPATH\CodeIgniter.php(942): App\Controllers\FlowerController->fetchFlowersData()
 3 SYSTEMPATH\CodeIgniter.php(502): CodeIgniter\CodeIgniter->runController(Object(App\Controllers\FlowerController))
 4 SYSTEMPATH\CodeIgniter.php(361): CodeIgniter\CodeIgniter->handleRequest(null, Object(Config\Cache), false)
 5 FCPATH\index.php(79): CodeIgniter\CodeIgniter->run()
 6 SYSTEMPATH\Commands\Server\rewrite.php(47): require_once('D:\\Koding Related\\Source Code\\PHP\\Codeigniter 4\\OTHER\\flower-asset\\public\\index.php')
CRITICAL - 2023-12-09 08:25:36 --> Call to undefined function selectProductCategory()
in APPPATH\Views\Flowers\data_tanaman\filtering_tanaman.php on line 69.
 1 SYSTEMPATH\View\View.php(228): include()
 2 SYSTEMPATH\View\View.php(231): CodeIgniter\View\View->CodeIgniter\View\{closure}()
 3 SYSTEMPATH\Common.php(1190): CodeIgniter\View\View->render('flowers/data_tanaman/filtering_tanaman', [], true)
 4 APPPATH\Controllers\FlowerController.php(26): view('flowers/data_tanaman/filtering_tanaman', [...])
 5 SYSTEMPATH\CodeIgniter.php(942): App\Controllers\FlowerController->indexFilter()
 6 SYSTEMPATH\CodeIgniter.php(502): CodeIgniter\CodeIgniter->runController(Object(App\Controllers\FlowerController))
 7 SYSTEMPATH\CodeIgniter.php(361): CodeIgniter\CodeIgniter->handleRequest(null, Object(Config\Cache), false)
 8 FCPATH\index.php(79): CodeIgniter\CodeIgniter->run()
 9 SYSTEMPATH\Commands\Server\rewrite.php(47): require_once('D:\\Koding Related\\Source Code\\PHP\\Codeigniter 4\\OTHER\\flower-asset\\public\\index.php')
CRITICAL - 2023-12-09 08:26:13 --> Call to undefined function selectFlowerType()
in APPPATH\Views\Flowers\data_tanaman\filtering_tanaman.php on line 69.
 1 SYSTEMPATH\View\View.php(228): include()
 2 SYSTEMPATH\View\View.php(231): CodeIgniter\View\View->CodeIgniter\View\{closure}()
 3 SYSTEMPATH\Common.php(1190): CodeIgniter\View\View->render('flowers/data_tanaman/filtering_tanaman', [], true)
 4 APPPATH\Controllers\FlowerController.php(26): view('flowers/data_tanaman/filtering_tanaman', [...])
 5 SYSTEMPATH\CodeIgniter.php(942): App\Controllers\FlowerController->indexFilter()
 6 SYSTEMPATH\CodeIgniter.php(502): CodeIgniter\CodeIgniter->runController(Object(App\Controllers\FlowerController))
 7 SYSTEMPATH\CodeIgniter.php(361): CodeIgniter\CodeIgniter->handleRequest(null, Object(Config\Cache), false)
 8 FCPATH\index.php(79): CodeIgniter\CodeIgniter->run()
 9 SYSTEMPATH\Commands\Server\rewrite.php(47): require_once('D:\\Koding Related\\Source Code\\PHP\\Codeigniter 4\\OTHER\\flower-asset\\public\\index.php')
CRITICAL - 2023-12-09 08:26:14 --> Call to undefined function selectFlowerType()
in APPPATH\Views\Flowers\data_tanaman\filtering_tanaman.php on line 69.
 1 SYSTEMPATH\View\View.php(228): include()
 2 SYSTEMPATH\View\View.php(231): CodeIgniter\View\View->CodeIgniter\View\{closure}()
 3 SYSTEMPATH\Common.php(1190): CodeIgniter\View\View->render('flowers/data_tanaman/filtering_tanaman', [], true)
 4 APPPATH\Controllers\FlowerController.php(26): view('flowers/data_tanaman/filtering_tanaman', [...])
 5 SYSTEMPATH\CodeIgniter.php(942): App\Controllers\FlowerController->indexFilter()
 6 SYSTEMPATH\CodeIgniter.php(502): CodeIgniter\CodeIgniter->runController(Object(App\Controllers\FlowerController))
 7 SYSTEMPATH\CodeIgniter.php(361): CodeIgniter\CodeIgniter->handleRequest(null, Object(Config\Cache), false)
 8 FCPATH\index.php(79): CodeIgniter\CodeIgniter->run()
 9 SYSTEMPATH\Commands\Server\rewrite.php(47): require_once('D:\\Koding Related\\Source Code\\PHP\\Codeigniter 4\\OTHER\\flower-asset\\public\\index.php')
CRITICAL - 2023-12-09 08:28:03 --> Undefined property: App\Controllers\FlowerController::$load
in APPPATH\Controllers\FlowerController.php on line 14.
 1 APPPATH\Controllers\FlowerController.php(14): CodeIgniter\Debug\Exceptions->errorHandler(8, 'Undefined property: App\\Controllers\\FlowerController::$load', 'D:\\Koding Related\\Source Code\\PHP\\Codeigniter 4\\OTHER\\flower-asset\\app\\Controllers\\FlowerController.php', 14, [])
 2 SYSTEMPATH\CodeIgniter.php(914): App\Controllers\FlowerController->__construct()
 3 SYSTEMPATH\CodeIgniter.php(493): CodeIgniter\CodeIgniter->createController()
 4 SYSTEMPATH\CodeIgniter.php(361): CodeIgniter\CodeIgniter->handleRequest(null, Object(Config\Cache), false)
 5 FCPATH\index.php(79): CodeIgniter\CodeIgniter->run()
 6 SYSTEMPATH\Commands\Server\rewrite.php(47): require_once('D:\\Koding Related\\Source Code\\PHP\\Codeigniter 4\\OTHER\\flower-asset\\public\\index.php')
CRITICAL - 2023-12-09 08:28:04 --> Undefined property: App\Controllers\FlowerController::$load
in APPPATH\Controllers\FlowerController.php on line 14.
 1 APPPATH\Controllers\FlowerController.php(14): CodeIgniter\Debug\Exceptions->errorHandler(8, 'Undefined property: App\\Controllers\\FlowerController::$load', 'D:\\Koding Related\\Source Code\\PHP\\Codeigniter 4\\OTHER\\flower-asset\\app\\Controllers\\FlowerController.php', 14, [])
 2 SYSTEMPATH\CodeIgniter.php(914): App\Controllers\FlowerController->__construct()
 3 SYSTEMPATH\CodeIgniter.php(493): CodeIgniter\CodeIgniter->createController()
 4 SYSTEMPATH\CodeIgniter.php(361): CodeIgniter\CodeIgniter->handleRequest(null, Object(Config\Cache), false)
 5 FCPATH\index.php(79): CodeIgniter\CodeIgniter->run()
 6 SYSTEMPATH\Commands\Server\rewrite.php(47): require_once('D:\\Koding Related\\Source Code\\PHP\\Codeigniter 4\\OTHER\\flower-asset\\public\\index.php')
CRITICAL - 2023-12-09 08:28:08 --> Undefined property: App\Controllers\FlowerController::$load
in APPPATH\Controllers\FlowerController.php on line 14.
 1 APPPATH\Controllers\FlowerController.php(14): CodeIgniter\Debug\Exceptions->errorHandler(8, 'Undefined property: App\\Controllers\\FlowerController::$load', 'D:\\Koding Related\\Source Code\\PHP\\Codeigniter 4\\OTHER\\flower-asset\\app\\Controllers\\FlowerController.php', 14, [])
 2 SYSTEMPATH\CodeIgniter.php(914): App\Controllers\FlowerController->__construct()
 3 SYSTEMPATH\CodeIgniter.php(493): CodeIgniter\CodeIgniter->createController()
 4 SYSTEMPATH\CodeIgniter.php(361): CodeIgniter\CodeIgniter->handleRequest(null, Object(Config\Cache), false)
 5 FCPATH\index.php(79): CodeIgniter\CodeIgniter->run()
 6 SYSTEMPATH\Commands\Server\rewrite.php(47): require_once('D:\\Koding Related\\Source Code\\PHP\\Codeigniter 4\\OTHER\\flower-asset\\public\\index.php')
CRITICAL - 2023-12-09 08:28:15 --> Call to undefined function selectFlowerType()
in APPPATH\Views\Flowers\data_tanaman\filtering_tanaman.php on line 69.
 1 SYSTEMPATH\View\View.php(228): include()
 2 SYSTEMPATH\View\View.php(231): CodeIgniter\View\View->CodeIgniter\View\{closure}()
 3 SYSTEMPATH\Common.php(1190): CodeIgniter\View\View->render('flowers/data_tanaman/filtering_tanaman', [], true)
 4 APPPATH\Controllers\FlowerController.php(27): view('flowers/data_tanaman/filtering_tanaman', [...])
 5 SYSTEMPATH\CodeIgniter.php(942): App\Controllers\FlowerController->indexFilter()
 6 SYSTEMPATH\CodeIgniter.php(502): CodeIgniter\CodeIgniter->runController(Object(App\Controllers\FlowerController))
 7 SYSTEMPATH\CodeIgniter.php(361): CodeIgniter\CodeIgniter->handleRequest(null, Object(Config\Cache), false)
 8 FCPATH\index.php(79): CodeIgniter\CodeIgniter->run()
 9 SYSTEMPATH\Commands\Server\rewrite.php(47): require_once('D:\\Koding Related\\Source Code\\PHP\\Codeigniter 4\\OTHER\\flower-asset\\public\\index.php')
CRITICAL - 2023-12-09 08:28:23 --> Call to undefined function selectFlowerType()
in APPPATH\Views\Flowers\data_tanaman\filtering_tanaman.php on line 69.
 1 SYSTEMPATH\View\View.php(228): include()
 2 SYSTEMPATH\View\View.php(231): CodeIgniter\View\View->CodeIgniter\View\{closure}()
 3 SYSTEMPATH\Common.php(1190): CodeIgniter\View\View->render('flowers/data_tanaman/filtering_tanaman', [], true)
 4 APPPATH\Controllers\FlowerController.php(27): view('flowers/data_tanaman/filtering_tanaman', [...])
 5 SYSTEMPATH\CodeIgniter.php(942): App\Controllers\FlowerController->indexFilter()
 6 SYSTEMPATH\CodeIgniter.php(502): CodeIgniter\CodeIgniter->runController(Object(App\Controllers\FlowerController))
 7 SYSTEMPATH\CodeIgniter.php(361): CodeIgniter\CodeIgniter->handleRequest(null, Object(Config\Cache), false)
 8 FCPATH\index.php(79): CodeIgniter\CodeIgniter->run()
 9 SYSTEMPATH\Commands\Server\rewrite.php(47): require_once('D:\\Koding Related\\Source Code\\PHP\\Codeigniter 4\\OTHER\\flower-asset\\public\\index.php')
CRITICAL - 2023-12-09 08:28:49 --> Call to undefined function selectFlowerType()
in APPPATH\Views\Flowers\data_tanaman\filtering_tanaman.php on line 69.
 1 SYSTEMPATH\View\View.php(228): include()
 2 SYSTEMPATH\View\View.php(231): CodeIgniter\View\View->CodeIgniter\View\{closure}()
 3 SYSTEMPATH\Common.php(1190): CodeIgniter\View\View->render('flowers/data_tanaman/filtering_tanaman', [], true)
 4 APPPATH\Controllers\FlowerController.php(27): view('flowers/data_tanaman/filtering_tanaman', [...])
 5 SYSTEMPATH\CodeIgniter.php(942): App\Controllers\FlowerController->indexFilter()
 6 SYSTEMPATH\CodeIgniter.php(502): CodeIgniter\CodeIgniter->runController(Object(App\Controllers\FlowerController))
 7 SYSTEMPATH\CodeIgniter.php(361): CodeIgniter\CodeIgniter->handleRequest(null, Object(Config\Cache), false)
 8 FCPATH\index.php(79): CodeIgniter\CodeIgniter->run()
 9 SYSTEMPATH\Commands\Server\rewrite.php(47): require_once('D:\\Koding Related\\Source Code\\PHP\\Codeigniter 4\\OTHER\\flower-asset\\public\\index.php')
CRITICAL - 2023-12-09 08:28:50 --> Call to undefined function selectFlowerType()
in APPPATH\Views\Flowers\data_tanaman\filtering_tanaman.php on line 69.
 1 SYSTEMPATH\View\View.php(228): include()
 2 SYSTEMPATH\View\View.php(231): CodeIgniter\View\View->CodeIgniter\View\{closure}()
 3 SYSTEMPATH\Common.php(1190): CodeIgniter\View\View->render('flowers/data_tanaman/filtering_tanaman', [], true)
 4 APPPATH\Controllers\FlowerController.php(27): view('flowers/data_tanaman/filtering_tanaman', [...])
 5 SYSTEMPATH\CodeIgniter.php(942): App\Controllers\FlowerController->indexFilter()
 6 SYSTEMPATH\CodeIgniter.php(502): CodeIgniter\CodeIgniter->runController(Object(App\Controllers\FlowerController))
 7 SYSTEMPATH\CodeIgniter.php(361): CodeIgniter\CodeIgniter->handleRequest(null, Object(Config\Cache), false)
 8 FCPATH\index.php(79): CodeIgniter\CodeIgniter->run()
 9 SYSTEMPATH\Commands\Server\rewrite.php(47): require_once('D:\\Koding Related\\Source Code\\PHP\\Codeigniter 4\\OTHER\\flower-asset\\public\\index.php')
CRITICAL - 2023-12-09 08:28:50 --> Call to undefined function selectFlowerType()
in APPPATH\Views\Flowers\data_tanaman\filtering_tanaman.php on line 69.
 1 SYSTEMPATH\View\View.php(228): include()
 2 SYSTEMPATH\View\View.php(231): CodeIgniter\View\View->CodeIgniter\View\{closure}()
 3 SYSTEMPATH\Common.php(1190): CodeIgniter\View\View->render('flowers/data_tanaman/filtering_tanaman', [], true)
 4 APPPATH\Controllers\FlowerController.php(27): view('flowers/data_tanaman/filtering_tanaman', [...])
 5 SYSTEMPATH\CodeIgniter.php(942): App\Controllers\FlowerController->indexFilter()
 6 SYSTEMPATH\CodeIgniter.php(502): CodeIgniter\CodeIgniter->runController(Object(App\Controllers\FlowerController))
 7 SYSTEMPATH\CodeIgniter.php(361): CodeIgniter\CodeIgniter->handleRequest(null, Object(Config\Cache), false)
 8 FCPATH\index.php(79): CodeIgniter\CodeIgniter->run()
 9 SYSTEMPATH\Commands\Server\rewrite.php(47): require_once('D:\\Koding Related\\Source Code\\PHP\\Codeigniter 4\\OTHER\\flower-asset\\public\\index.php')
CRITICAL - 2023-12-09 08:28:50 --> Call to undefined function selectFlowerType()
in APPPATH\Views\Flowers\data_tanaman\filtering_tanaman.php on line 69.
 1 SYSTEMPATH\View\View.php(228): include()
 2 SYSTEMPATH\View\View.php(231): CodeIgniter\View\View->CodeIgniter\View\{closure}()
 3 SYSTEMPATH\Common.php(1190): CodeIgniter\View\View->render('flowers/data_tanaman/filtering_tanaman', [], true)
 4 APPPATH\Controllers\FlowerController.php(27): view('flowers/data_tanaman/filtering_tanaman', [...])
 5 SYSTEMPATH\CodeIgniter.php(942): App\Controllers\FlowerController->indexFilter()
 6 SYSTEMPATH\CodeIgniter.php(502): CodeIgniter\CodeIgniter->runController(Object(App\Controllers\FlowerController))
 7 SYSTEMPATH\CodeIgniter.php(361): CodeIgniter\CodeIgniter->handleRequest(null, Object(Config\Cache), false)
 8 FCPATH\index.php(79): CodeIgniter\CodeIgniter->run()
 9 SYSTEMPATH\Commands\Server\rewrite.php(47): require_once('D:\\Koding Related\\Source Code\\PHP\\Codeigniter 4\\OTHER\\flower-asset\\public\\index.php')
CRITICAL - 2023-12-09 08:28:50 --> Call to undefined function selectFlowerType()
in APPPATH\Views\Flowers\data_tanaman\filtering_tanaman.php on line 69.
 1 SYSTEMPATH\View\View.php(228): include()
 2 SYSTEMPATH\View\View.php(231): CodeIgniter\View\View->CodeIgniter\View\{closure}()
 3 SYSTEMPATH\Common.php(1190): CodeIgniter\View\View->render('flowers/data_tanaman/filtering_tanaman', [], true)
 4 APPPATH\Controllers\FlowerController.php(27): view('flowers/data_tanaman/filtering_tanaman', [...])
 5 SYSTEMPATH\CodeIgniter.php(942): App\Controllers\FlowerController->indexFilter()
 6 SYSTEMPATH\CodeIgniter.php(502): CodeIgniter\CodeIgniter->runController(Object(App\Controllers\FlowerController))
 7 SYSTEMPATH\CodeIgniter.php(361): CodeIgniter\CodeIgniter->handleRequest(null, Object(Config\Cache), false)
 8 FCPATH\index.php(79): CodeIgniter\CodeIgniter->run()
 9 SYSTEMPATH\Commands\Server\rewrite.php(47): require_once('D:\\Koding Related\\Source Code\\PHP\\Codeigniter 4\\OTHER\\flower-asset\\public\\index.php')
CRITICAL - 2023-12-09 08:29:22 --> Call to undefined function selectFlowerType()
in APPPATH\Views\Flowers\data_tanaman\filtering_tanaman.php on line 69.
 1 SYSTEMPATH\View\View.php(228): include()
 2 SYSTEMPATH\View\View.php(231): CodeIgniter\View\View->CodeIgniter\View\{closure}()
 3 SYSTEMPATH\Common.php(1190): CodeIgniter\View\View->render('flowers/data_tanaman/filtering_tanaman', [], true)
 4 APPPATH\Controllers\FlowerController.php(28): view('flowers/data_tanaman/filtering_tanaman', [...])
 5 SYSTEMPATH\CodeIgniter.php(942): App\Controllers\FlowerController->indexFilter()
 6 SYSTEMPATH\CodeIgniter.php(502): CodeIgniter\CodeIgniter->runController(Object(App\Controllers\FlowerController))
 7 SYSTEMPATH\CodeIgniter.php(361): CodeIgniter\CodeIgniter->handleRequest(null, Object(Config\Cache), false)
 8 FCPATH\index.php(79): CodeIgniter\CodeIgniter->run()
 9 SYSTEMPATH\Commands\Server\rewrite.php(47): require_once('D:\\Koding Related\\Source Code\\PHP\\Codeigniter 4\\OTHER\\flower-asset\\public\\index.php')
CRITICAL - 2023-12-09 08:30:22 --> Call to undefined function selectFlowerType()
in APPPATH\Views\Flowers\data_tanaman\filtering_tanaman.php on line 69.
 1 SYSTEMPATH\View\View.php(228): include()
 2 SYSTEMPATH\View\View.php(231): CodeIgniter\View\View->CodeIgniter\View\{closure}()
 3 SYSTEMPATH\Common.php(1190): CodeIgniter\View\View->render('flowers/data_tanaman/filtering_tanaman', [], true)
 4 APPPATH\Controllers\FlowerController.php(27): view('flowers/data_tanaman/filtering_tanaman', [...])
 5 SYSTEMPATH\CodeIgniter.php(942): App\Controllers\FlowerController->indexFilter()
 6 SYSTEMPATH\CodeIgniter.php(502): CodeIgniter\CodeIgniter->runController(Object(App\Controllers\FlowerController))
 7 SYSTEMPATH\CodeIgniter.php(361): CodeIgniter\CodeIgniter->handleRequest(null, Object(Config\Cache), false)
 8 FCPATH\index.php(79): CodeIgniter\CodeIgniter->run()
 9 SYSTEMPATH\Commands\Server\rewrite.php(47): require_once('D:\\Koding Related\\Source Code\\PHP\\Codeigniter 4\\OTHER\\flower-asset\\public\\index.php')
CRITICAL - 2023-12-09 08:30:23 --> Call to undefined function selectFlowerType()
in APPPATH\Views\Flowers\data_tanaman\filtering_tanaman.php on line 69.
 1 SYSTEMPATH\View\View.php(228): include()
 2 SYSTEMPATH\View\View.php(231): CodeIgniter\View\View->CodeIgniter\View\{closure}()
 3 SYSTEMPATH\Common.php(1190): CodeIgniter\View\View->render('flowers/data_tanaman/filtering_tanaman', [], true)
 4 APPPATH\Controllers\FlowerController.php(27): view('flowers/data_tanaman/filtering_tanaman', [...])
 5 SYSTEMPATH\CodeIgniter.php(942): App\Controllers\FlowerController->indexFilter()
 6 SYSTEMPATH\CodeIgniter.php(502): CodeIgniter\CodeIgniter->runController(Object(App\Controllers\FlowerController))
 7 SYSTEMPATH\CodeIgniter.php(361): CodeIgniter\CodeIgniter->handleRequest(null, Object(Config\Cache), false)
 8 FCPATH\index.php(79): CodeIgniter\CodeIgniter->run()
 9 SYSTEMPATH\Commands\Server\rewrite.php(47): require_once('D:\\Koding Related\\Source Code\\PHP\\Codeigniter 4\\OTHER\\flower-asset\\public\\index.php')
CRITICAL - 2023-12-09 08:30:23 --> Call to undefined function selectFlowerType()
in APPPATH\Views\Flowers\data_tanaman\filtering_tanaman.php on line 69.
 1 SYSTEMPATH\View\View.php(228): include()
 2 SYSTEMPATH\View\View.php(231): CodeIgniter\View\View->CodeIgniter\View\{closure}()
 3 SYSTEMPATH\Common.php(1190): CodeIgniter\View\View->render('flowers/data_tanaman/filtering_tanaman', [], true)
 4 APPPATH\Controllers\FlowerController.php(27): view('flowers/data_tanaman/filtering_tanaman', [...])
 5 SYSTEMPATH\CodeIgniter.php(942): App\Controllers\FlowerController->indexFilter()
 6 SYSTEMPATH\CodeIgniter.php(502): CodeIgniter\CodeIgniter->runController(Object(App\Controllers\FlowerController))
 7 SYSTEMPATH\CodeIgniter.php(361): CodeIgniter\CodeIgniter->handleRequest(null, Object(Config\Cache), false)
 8 FCPATH\index.php(79): CodeIgniter\CodeIgniter->run()
 9 SYSTEMPATH\Commands\Server\rewrite.php(47): require_once('D:\\Koding Related\\Source Code\\PHP\\Codeigniter 4\\OTHER\\flower-asset\\public\\index.php')
CRITICAL - 2023-12-09 08:30:23 --> Call to undefined function selectFlowerType()
in APPPATH\Views\Flowers\data_tanaman\filtering_tanaman.php on line 69.
 1 SYSTEMPATH\View\View.php(228): include()
 2 SYSTEMPATH\View\View.php(231): CodeIgniter\View\View->CodeIgniter\View\{closure}()
 3 SYSTEMPATH\Common.php(1190): CodeIgniter\View\View->render('flowers/data_tanaman/filtering_tanaman', [], true)
 4 APPPATH\Controllers\FlowerController.php(27): view('flowers/data_tanaman/filtering_tanaman', [...])
 5 SYSTEMPATH\CodeIgniter.php(942): App\Controllers\FlowerController->indexFilter()
 6 SYSTEMPATH\CodeIgniter.php(502): CodeIgniter\CodeIgniter->runController(Object(App\Controllers\FlowerController))
 7 SYSTEMPATH\CodeIgniter.php(361): CodeIgniter\CodeIgniter->handleRequest(null, Object(Config\Cache), false)
 8 FCPATH\index.php(79): CodeIgniter\CodeIgniter->run()
 9 SYSTEMPATH\Commands\Server\rewrite.php(47): require_once('D:\\Koding Related\\Source Code\\PHP\\Codeigniter 4\\OTHER\\flower-asset\\public\\index.php')
CRITICAL - 2023-12-09 08:30:23 --> Call to undefined function selectFlowerType()
in APPPATH\Views\Flowers\data_tanaman\filtering_tanaman.php on line 69.
 1 SYSTEMPATH\View\View.php(228): include()
 2 SYSTEMPATH\View\View.php(231): CodeIgniter\View\View->CodeIgniter\View\{closure}()
 3 SYSTEMPATH\Common.php(1190): CodeIgniter\View\View->render('flowers/data_tanaman/filtering_tanaman', [], true)
 4 APPPATH\Controllers\FlowerController.php(27): view('flowers/data_tanaman/filtering_tanaman', [...])
 5 SYSTEMPATH\CodeIgniter.php(942): App\Controllers\FlowerController->indexFilter()
 6 SYSTEMPATH\CodeIgniter.php(502): CodeIgniter\CodeIgniter->runController(Object(App\Controllers\FlowerController))
 7 SYSTEMPATH\CodeIgniter.php(361): CodeIgniter\CodeIgniter->handleRequest(null, Object(Config\Cache), false)
 8 FCPATH\index.php(79): CodeIgniter\CodeIgniter->run()
 9 SYSTEMPATH\Commands\Server\rewrite.php(47): require_once('D:\\Koding Related\\Source Code\\PHP\\Codeigniter 4\\OTHER\\flower-asset\\public\\index.php')
CRITICAL - 2023-12-09 08:30:23 --> Call to undefined function selectFlowerType()
in APPPATH\Views\Flowers\data_tanaman\filtering_tanaman.php on line 69.
 1 SYSTEMPATH\View\View.php(228): include()
 2 SYSTEMPATH\View\View.php(231): CodeIgniter\View\View->CodeIgniter\View\{closure}()
 3 SYSTEMPATH\Common.php(1190): CodeIgniter\View\View->render('flowers/data_tanaman/filtering_tanaman', [], true)
 4 APPPATH\Controllers\FlowerController.php(27): view('flowers/data_tanaman/filtering_tanaman', [...])
 5 SYSTEMPATH\CodeIgniter.php(942): App\Controllers\FlowerController->indexFilter()
 6 SYSTEMPATH\CodeIgniter.php(502): CodeIgniter\CodeIgniter->runController(Object(App\Controllers\FlowerController))
 7 SYSTEMPATH\CodeIgniter.php(361): CodeIgniter\CodeIgniter->handleRequest(null, Object(Config\Cache), false)
 8 FCPATH\index.php(79): CodeIgniter\CodeIgniter->run()
 9 SYSTEMPATH\Commands\Server\rewrite.php(47): require_once('D:\\Koding Related\\Source Code\\PHP\\Codeigniter 4\\OTHER\\flower-asset\\public\\index.php')
CRITICAL - 2023-12-09 08:30:24 --> Call to undefined function selectFlowerType()
in APPPATH\Views\Flowers\data_tanaman\filtering_tanaman.php on line 69.
 1 SYSTEMPATH\View\View.php(228): include()
 2 SYSTEMPATH\View\View.php(231): CodeIgniter\View\View->CodeIgniter\View\{closure}()
 3 SYSTEMPATH\Common.php(1190): CodeIgniter\View\View->render('flowers/data_tanaman/filtering_tanaman', [], true)
 4 APPPATH\Controllers\FlowerController.php(27): view('flowers/data_tanaman/filtering_tanaman', [...])
 5 SYSTEMPATH\CodeIgniter.php(942): App\Controllers\FlowerController->indexFilter()
 6 SYSTEMPATH\CodeIgniter.php(502): CodeIgniter\CodeIgniter->runController(Object(App\Controllers\FlowerController))
 7 SYSTEMPATH\CodeIgniter.php(361): CodeIgniter\CodeIgniter->handleRequest(null, Object(Config\Cache), false)
 8 FCPATH\index.php(79): CodeIgniter\CodeIgniter->run()
 9 SYSTEMPATH\Commands\Server\rewrite.php(47): require_once('D:\\Koding Related\\Source Code\\PHP\\Codeigniter 4\\OTHER\\flower-asset\\public\\index.php')
CRITICAL - 2023-12-09 08:30:31 --> Call to undefined function selectFlowerType()
in APPPATH\Views\Flowers\data_tanaman\filtering_tanaman.php on line 69.
 1 SYSTEMPATH\View\View.php(228): include()
 2 SYSTEMPATH\View\View.php(231): CodeIgniter\View\View->CodeIgniter\View\{closure}()
 3 SYSTEMPATH\Common.php(1190): CodeIgniter\View\View->render('flowers/data_tanaman/filtering_tanaman', [], true)
 4 APPPATH\Controllers\FlowerController.php(28): view('flowers/data_tanaman/filtering_tanaman', [...])
 5 SYSTEMPATH\CodeIgniter.php(942): App\Controllers\FlowerController->indexFilter()
 6 SYSTEMPATH\CodeIgniter.php(502): CodeIgniter\CodeIgniter->runController(Object(App\Controllers\FlowerController))
 7 SYSTEMPATH\CodeIgniter.php(361): CodeIgniter\CodeIgniter->handleRequest(null, Object(Config\Cache), false)
 8 FCPATH\index.php(79): CodeIgniter\CodeIgniter->run()
 9 SYSTEMPATH\Commands\Server\rewrite.php(47): require_once('D:\\Koding Related\\Source Code\\PHP\\Codeigniter 4\\OTHER\\flower-asset\\public\\index.php')
CRITICAL - 2023-12-09 08:33:53 --> Call to undefined function selectFlowerType()
in APPPATH\Views\Flowers\data_tanaman\filtering_tanaman.php on line 69.
 1 SYSTEMPATH\View\View.php(228): include()
 2 SYSTEMPATH\View\View.php(231): CodeIgniter\View\View->CodeIgniter\View\{closure}()
 3 SYSTEMPATH\Common.php(1190): CodeIgniter\View\View->render('flowers/data_tanaman/filtering_tanaman', [], true)
 4 APPPATH\Controllers\FlowerController.php(28): view('flowers/data_tanaman/filtering_tanaman', [...])
 5 SYSTEMPATH\CodeIgniter.php(942): App\Controllers\FlowerController->indexFilter()
 6 SYSTEMPATH\CodeIgniter.php(502): CodeIgniter\CodeIgniter->runController(Object(App\Controllers\FlowerController))
 7 SYSTEMPATH\CodeIgniter.php(361): CodeIgniter\CodeIgniter->handleRequest(null, Object(Config\Cache), false)
 8 FCPATH\index.php(79): CodeIgniter\CodeIgniter->run()
 9 SYSTEMPATH\Commands\Server\rewrite.php(47): require_once('D:\\Koding Related\\Source Code\\PHP\\Codeigniter 4\\OTHER\\flower-asset\\public\\index.php')
CRITICAL - 2023-12-09 08:33:54 --> Call to undefined function selectFlowerType()
in APPPATH\Views\Flowers\data_tanaman\filtering_tanaman.php on line 69.
 1 SYSTEMPATH\View\View.php(228): include()
 2 SYSTEMPATH\View\View.php(231): CodeIgniter\View\View->CodeIgniter\View\{closure}()
 3 SYSTEMPATH\Common.php(1190): CodeIgniter\View\View->render('flowers/data_tanaman/filtering_tanaman', [], true)
 4 APPPATH\Controllers\FlowerController.php(28): view('flowers/data_tanaman/filtering_tanaman', [...])
 5 SYSTEMPATH\CodeIgniter.php(942): App\Controllers\FlowerController->indexFilter()
 6 SYSTEMPATH\CodeIgniter.php(502): CodeIgniter\CodeIgniter->runController(Object(App\Controllers\FlowerController))
 7 SYSTEMPATH\CodeIgniter.php(361): CodeIgniter\CodeIgniter->handleRequest(null, Object(Config\Cache), false)
 8 FCPATH\index.php(79): CodeIgniter\CodeIgniter->run()
 9 SYSTEMPATH\Commands\Server\rewrite.php(47): require_once('D:\\Koding Related\\Source Code\\PHP\\Codeigniter 4\\OTHER\\flower-asset\\public\\index.php')
CRITICAL - 2023-12-09 08:34:24 --> Call to undefined function selectFlowerType()
in APPPATH\Views\Flowers\data_tanaman\filtering_tanaman.php on line 69.
 1 SYSTEMPATH\View\View.php(228): include()
 2 SYSTEMPATH\View\View.php(231): CodeIgniter\View\View->CodeIgniter\View\{closure}()
 3 SYSTEMPATH\Common.php(1190): CodeIgniter\View\View->render('flowers/data_tanaman/filtering_tanaman', [], true)
 4 APPPATH\Controllers\FlowerController.php(27): view('flowers/data_tanaman/filtering_tanaman', [...])
 5 SYSTEMPATH\CodeIgniter.php(942): App\Controllers\FlowerController->indexFilter()
 6 SYSTEMPATH\CodeIgniter.php(502): CodeIgniter\CodeIgniter->runController(Object(App\Controllers\FlowerController))
 7 SYSTEMPATH\CodeIgniter.php(361): CodeIgniter\CodeIgniter->handleRequest(null, Object(Config\Cache), false)
 8 FCPATH\index.php(79): CodeIgniter\CodeIgniter->run()
 9 SYSTEMPATH\Commands\Server\rewrite.php(47): require_once('D:\\Koding Related\\Source Code\\PHP\\Codeigniter 4\\OTHER\\flower-asset\\public\\index.php')
CRITICAL - 2023-12-09 08:34:29 --> Call to undefined function selectFlowerType()
in APPPATH\Views\Flowers\data_tanaman\filtering_tanaman.php on line 69.
 1 SYSTEMPATH\View\View.php(228): include()
 2 SYSTEMPATH\View\View.php(231): CodeIgniter\View\View->CodeIgniter\View\{closure}()
 3 SYSTEMPATH\Common.php(1190): CodeIgniter\View\View->render('flowers/data_tanaman/filtering_tanaman', [], true)
 4 APPPATH\Controllers\FlowerController.php(27): view('flowers/data_tanaman/filtering_tanaman', [...])
 5 SYSTEMPATH\CodeIgniter.php(942): App\Controllers\FlowerController->indexFilter()
 6 SYSTEMPATH\CodeIgniter.php(502): CodeIgniter\CodeIgniter->runController(Object(App\Controllers\FlowerController))
 7 SYSTEMPATH\CodeIgniter.php(361): CodeIgniter\CodeIgniter->handleRequest(null, Object(Config\Cache), false)
 8 FCPATH\index.php(79): CodeIgniter\CodeIgniter->run()
 9 SYSTEMPATH\Commands\Server\rewrite.php(47): require_once('D:\\Koding Related\\Source Code\\PHP\\Codeigniter 4\\OTHER\\flower-asset\\public\\index.php')
CRITICAL - 2023-12-09 08:35:31 --> Undefined property: App\Controllers\FlowerController::$load
in APPPATH\Controllers\FlowerController.php on line 14.
 1 APPPATH\Controllers\FlowerController.php(14): CodeIgniter\Debug\Exceptions->errorHandler(8, 'Undefined property: App\\Controllers\\FlowerController::$load', 'D:\\Koding Related\\Source Code\\PHP\\Codeigniter 4\\OTHER\\flower-asset\\app\\Controllers\\FlowerController.php', 14, [])
 2 SYSTEMPATH\CodeIgniter.php(914): App\Controllers\FlowerController->__construct()
 3 SYSTEMPATH\CodeIgniter.php(493): CodeIgniter\CodeIgniter->createController()
 4 SYSTEMPATH\CodeIgniter.php(361): CodeIgniter\CodeIgniter->handleRequest(null, Object(Config\Cache), false)
 5 FCPATH\index.php(79): CodeIgniter\CodeIgniter->run()
 6 SYSTEMPATH\Commands\Server\rewrite.php(47): require_once('D:\\Koding Related\\Source Code\\PHP\\Codeigniter 4\\OTHER\\flower-asset\\public\\index.php')
CRITICAL - 2023-12-09 08:35:33 --> Undefined property: App\Controllers\FlowerController::$load
in APPPATH\Controllers\FlowerController.php on line 14.
 1 APPPATH\Controllers\FlowerController.php(14): CodeIgniter\Debug\Exceptions->errorHandler(8, 'Undefined property: App\\Controllers\\FlowerController::$load', 'D:\\Koding Related\\Source Code\\PHP\\Codeigniter 4\\OTHER\\flower-asset\\app\\Controllers\\FlowerController.php', 14, [])
 2 SYSTEMPATH\CodeIgniter.php(914): App\Controllers\FlowerController->__construct()
 3 SYSTEMPATH\CodeIgniter.php(493): CodeIgniter\CodeIgniter->createController()
 4 SYSTEMPATH\CodeIgniter.php(361): CodeIgniter\CodeIgniter->handleRequest(null, Object(Config\Cache), false)
 5 FCPATH\index.php(79): CodeIgniter\CodeIgniter->run()
 6 SYSTEMPATH\Commands\Server\rewrite.php(47): require_once('D:\\Koding Related\\Source Code\\PHP\\Codeigniter 4\\OTHER\\flower-asset\\public\\index.php')
CRITICAL - 2023-12-09 08:36:08 --> Undefined property: App\Controllers\FlowerController::$load
in APPPATH\Controllers\FlowerController.php on line 14.
 1 APPPATH\Controllers\FlowerController.php(14): CodeIgniter\Debug\Exceptions->errorHandler(8, 'Undefined property: App\\Controllers\\FlowerController::$load', 'D:\\Koding Related\\Source Code\\PHP\\Codeigniter 4\\OTHER\\flower-asset\\app\\Controllers\\FlowerController.php', 14, [])
 2 SYSTEMPATH\CodeIgniter.php(914): App\Controllers\FlowerController->__construct()
 3 SYSTEMPATH\CodeIgniter.php(493): CodeIgniter\CodeIgniter->createController()
 4 SYSTEMPATH\CodeIgniter.php(361): CodeIgniter\CodeIgniter->handleRequest(null, Object(Config\Cache), false)
 5 FCPATH\index.php(79): CodeIgniter\CodeIgniter->run()
 6 SYSTEMPATH\Commands\Server\rewrite.php(47): require_once('D:\\Koding Related\\Source Code\\PHP\\Codeigniter 4\\OTHER\\flower-asset\\public\\index.php')
CRITICAL - 2023-12-09 08:36:09 --> Undefined property: App\Controllers\FlowerController::$load
in APPPATH\Controllers\FlowerController.php on line 14.
 1 APPPATH\Controllers\FlowerController.php(14): CodeIgniter\Debug\Exceptions->errorHandler(8, 'Undefined property: App\\Controllers\\FlowerController::$load', 'D:\\Koding Related\\Source Code\\PHP\\Codeigniter 4\\OTHER\\flower-asset\\app\\Controllers\\FlowerController.php', 14, [])
 2 SYSTEMPATH\CodeIgniter.php(914): App\Controllers\FlowerController->__construct()
 3 SYSTEMPATH\CodeIgniter.php(493): CodeIgniter\CodeIgniter->createController()
 4 SYSTEMPATH\CodeIgniter.php(361): CodeIgniter\CodeIgniter->handleRequest(null, Object(Config\Cache), false)
 5 FCPATH\index.php(79): CodeIgniter\CodeIgniter->run()
 6 SYSTEMPATH\Commands\Server\rewrite.php(47): require_once('D:\\Koding Related\\Source Code\\PHP\\Codeigniter 4\\OTHER\\flower-asset\\public\\index.php')
CRITICAL - 2023-12-09 08:36:10 --> Undefined property: App\Controllers\FlowerController::$load
in APPPATH\Controllers\FlowerController.php on line 14.
 1 APPPATH\Controllers\FlowerController.php(14): CodeIgniter\Debug\Exceptions->errorHandler(8, 'Undefined property: App\\Controllers\\FlowerController::$load', 'D:\\Koding Related\\Source Code\\PHP\\Codeigniter 4\\OTHER\\flower-asset\\app\\Controllers\\FlowerController.php', 14, [])
 2 SYSTEMPATH\CodeIgniter.php(914): App\Controllers\FlowerController->__construct()
 3 SYSTEMPATH\CodeIgniter.php(493): CodeIgniter\CodeIgniter->createController()
 4 SYSTEMPATH\CodeIgniter.php(361): CodeIgniter\CodeIgniter->handleRequest(null, Object(Config\Cache), false)
 5 FCPATH\index.php(79): CodeIgniter\CodeIgniter->run()
 6 SYSTEMPATH\Commands\Server\rewrite.php(47): require_once('D:\\Koding Related\\Source Code\\PHP\\Codeigniter 4\\OTHER\\flower-asset\\public\\index.php')
CRITICAL - 2023-12-09 08:36:10 --> Undefined property: App\Controllers\FlowerController::$load
in APPPATH\Controllers\FlowerController.php on line 14.
 1 APPPATH\Controllers\FlowerController.php(14): CodeIgniter\Debug\Exceptions->errorHandler(8, 'Undefined property: App\\Controllers\\FlowerController::$load', 'D:\\Koding Related\\Source Code\\PHP\\Codeigniter 4\\OTHER\\flower-asset\\app\\Controllers\\FlowerController.php', 14, [])
 2 SYSTEMPATH\CodeIgniter.php(914): App\Controllers\FlowerController->__construct()
 3 SYSTEMPATH\CodeIgniter.php(493): CodeIgniter\CodeIgniter->createController()
 4 SYSTEMPATH\CodeIgniter.php(361): CodeIgniter\CodeIgniter->handleRequest(null, Object(Config\Cache), false)
 5 FCPATH\index.php(79): CodeIgniter\CodeIgniter->run()
 6 SYSTEMPATH\Commands\Server\rewrite.php(47): require_once('D:\\Koding Related\\Source Code\\PHP\\Codeigniter 4\\OTHER\\flower-asset\\public\\index.php')
CRITICAL - 2023-12-09 08:36:20 --> Call to undefined function selectFlowerType()
in APPPATH\Views\Flowers\data_tanaman\filtering_tanaman.php on line 69.
 1 SYSTEMPATH\View\View.php(228): include()
 2 SYSTEMPATH\View\View.php(231): CodeIgniter\View\View->CodeIgniter\View\{closure}()
 3 SYSTEMPATH\Common.php(1190): CodeIgniter\View\View->render('flowers/data_tanaman/filtering_tanaman', [], true)
 4 APPPATH\Controllers\FlowerController.php(26): view('flowers/data_tanaman/filtering_tanaman', [...])
 5 SYSTEMPATH\CodeIgniter.php(942): App\Controllers\FlowerController->indexFilter()
 6 SYSTEMPATH\CodeIgniter.php(502): CodeIgniter\CodeIgniter->runController(Object(App\Controllers\FlowerController))
 7 SYSTEMPATH\CodeIgniter.php(361): CodeIgniter\CodeIgniter->handleRequest(null, Object(Config\Cache), false)
 8 FCPATH\index.php(79): CodeIgniter\CodeIgniter->run()
 9 SYSTEMPATH\Commands\Server\rewrite.php(47): require_once('D:\\Koding Related\\Source Code\\PHP\\Codeigniter 4\\OTHER\\flower-asset\\public\\index.php')
CRITICAL - 2023-12-09 08:36:25 --> Call to undefined function selectFlowerType()
in APPPATH\Views\Flowers\data_tanaman\filtering_tanaman.php on line 69.
 1 SYSTEMPATH\View\View.php(228): include()
 2 SYSTEMPATH\View\View.php(231): CodeIgniter\View\View->CodeIgniter\View\{closure}()
 3 SYSTEMPATH\Common.php(1190): CodeIgniter\View\View->render('flowers/data_tanaman/filtering_tanaman', [], true)
 4 APPPATH\Controllers\FlowerController.php(26): view('flowers/data_tanaman/filtering_tanaman', [...])
 5 SYSTEMPATH\CodeIgniter.php(942): App\Controllers\FlowerController->indexFilter()
 6 SYSTEMPATH\CodeIgniter.php(502): CodeIgniter\CodeIgniter->runController(Object(App\Controllers\FlowerController))
 7 SYSTEMPATH\CodeIgniter.php(361): CodeIgniter\CodeIgniter->handleRequest(null, Object(Config\Cache), false)
 8 FCPATH\index.php(79): CodeIgniter\CodeIgniter->run()
 9 SYSTEMPATH\Commands\Server\rewrite.php(47): require_once('D:\\Koding Related\\Source Code\\PHP\\Codeigniter 4\\OTHER\\flower-asset\\public\\index.php')
CRITICAL - 2023-12-09 08:36:26 --> Call to undefined function selectFlowerType()
in APPPATH\Views\Flowers\data_tanaman\filtering_tanaman.php on line 69.
 1 SYSTEMPATH\View\View.php(228): include()
 2 SYSTEMPATH\View\View.php(231): CodeIgniter\View\View->CodeIgniter\View\{closure}()
 3 SYSTEMPATH\Common.php(1190): CodeIgniter\View\View->render('flowers/data_tanaman/filtering_tanaman', [], true)
 4 APPPATH\Controllers\FlowerController.php(26): view('flowers/data_tanaman/filtering_tanaman', [...])
 5 SYSTEMPATH\CodeIgniter.php(942): App\Controllers\FlowerController->indexFilter()
 6 SYSTEMPATH\CodeIgniter.php(502): CodeIgniter\CodeIgniter->runController(Object(App\Controllers\FlowerController))
 7 SYSTEMPATH\CodeIgniter.php(361): CodeIgniter\CodeIgniter->handleRequest(null, Object(Config\Cache), false)
 8 FCPATH\index.php(79): CodeIgniter\CodeIgniter->run()
 9 SYSTEMPATH\Commands\Server\rewrite.php(47): require_once('D:\\Koding Related\\Source Code\\PHP\\Codeigniter 4\\OTHER\\flower-asset\\public\\index.php')
CRITICAL - 2023-12-09 08:36:27 --> Call to undefined function selectFlowerType()
in APPPATH\Views\Flowers\data_tanaman\filtering_tanaman.php on line 69.
 1 SYSTEMPATH\View\View.php(228): include()
 2 SYSTEMPATH\View\View.php(231): CodeIgniter\View\View->CodeIgniter\View\{closure}()
 3 SYSTEMPATH\Common.php(1190): CodeIgniter\View\View->render('flowers/data_tanaman/filtering_tanaman', [], true)
 4 APPPATH\Controllers\FlowerController.php(26): view('flowers/data_tanaman/filtering_tanaman', [...])
 5 SYSTEMPATH\CodeIgniter.php(942): App\Controllers\FlowerController->indexFilter()
 6 SYSTEMPATH\CodeIgniter.php(502): CodeIgniter\CodeIgniter->runController(Object(App\Controllers\FlowerController))
 7 SYSTEMPATH\CodeIgniter.php(361): CodeIgniter\CodeIgniter->handleRequest(null, Object(Config\Cache), false)
 8 FCPATH\index.php(79): CodeIgniter\CodeIgniter->run()
 9 SYSTEMPATH\Commands\Server\rewrite.php(47): require_once('D:\\Koding Related\\Source Code\\PHP\\Codeigniter 4\\OTHER\\flower-asset\\public\\index.php')
CRITICAL - 2023-12-09 08:36:27 --> Call to undefined function selectFlowerType()
in APPPATH\Views\Flowers\data_tanaman\filtering_tanaman.php on line 69.
 1 SYSTEMPATH\View\View.php(228): include()
 2 SYSTEMPATH\View\View.php(231): CodeIgniter\View\View->CodeIgniter\View\{closure}()
 3 SYSTEMPATH\Common.php(1190): CodeIgniter\View\View->render('flowers/data_tanaman/filtering_tanaman', [], true)
 4 APPPATH\Controllers\FlowerController.php(26): view('flowers/data_tanaman/filtering_tanaman', [...])
 5 SYSTEMPATH\CodeIgniter.php(942): App\Controllers\FlowerController->indexFilter()
 6 SYSTEMPATH\CodeIgniter.php(502): CodeIgniter\CodeIgniter->runController(Object(App\Controllers\FlowerController))
 7 SYSTEMPATH\CodeIgniter.php(361): CodeIgniter\CodeIgniter->handleRequest(null, Object(Config\Cache), false)
 8 FCPATH\index.php(79): CodeIgniter\CodeIgniter->run()
 9 SYSTEMPATH\Commands\Server\rewrite.php(47): require_once('D:\\Koding Related\\Source Code\\PHP\\Codeigniter 4\\OTHER\\flower-asset\\public\\index.php')
CRITICAL - 2023-12-09 08:36:27 --> Call to undefined function selectFlowerType()
in APPPATH\Views\Flowers\data_tanaman\filtering_tanaman.php on line 69.
 1 SYSTEMPATH\View\View.php(228): include()
 2 SYSTEMPATH\View\View.php(231): CodeIgniter\View\View->CodeIgniter\View\{closure}()
 3 SYSTEMPATH\Common.php(1190): CodeIgniter\View\View->render('flowers/data_tanaman/filtering_tanaman', [], true)
 4 APPPATH\Controllers\FlowerController.php(26): view('flowers/data_tanaman/filtering_tanaman', [...])
 5 SYSTEMPATH\CodeIgniter.php(942): App\Controllers\FlowerController->indexFilter()
 6 SYSTEMPATH\CodeIgniter.php(502): CodeIgniter\CodeIgniter->runController(Object(App\Controllers\FlowerController))
 7 SYSTEMPATH\CodeIgniter.php(361): CodeIgniter\CodeIgniter->handleRequest(null, Object(Config\Cache), false)
 8 FCPATH\index.php(79): CodeIgniter\CodeIgniter->run()
 9 SYSTEMPATH\Commands\Server\rewrite.php(47): require_once('D:\\Koding Related\\Source Code\\PHP\\Codeigniter 4\\OTHER\\flower-asset\\public\\index.php')
CRITICAL - 2023-12-09 08:36:27 --> Call to undefined function selectFlowerType()
in APPPATH\Views\Flowers\data_tanaman\filtering_tanaman.php on line 69.
 1 SYSTEMPATH\View\View.php(228): include()
 2 SYSTEMPATH\View\View.php(231): CodeIgniter\View\View->CodeIgniter\View\{closure}()
 3 SYSTEMPATH\Common.php(1190): CodeIgniter\View\View->render('flowers/data_tanaman/filtering_tanaman', [], true)
 4 APPPATH\Controllers\FlowerController.php(26): view('flowers/data_tanaman/filtering_tanaman', [...])
 5 SYSTEMPATH\CodeIgniter.php(942): App\Controllers\FlowerController->indexFilter()
 6 SYSTEMPATH\CodeIgniter.php(502): CodeIgniter\CodeIgniter->runController(Object(App\Controllers\FlowerController))
 7 SYSTEMPATH\CodeIgniter.php(361): CodeIgniter\CodeIgniter->handleRequest(null, Object(Config\Cache), false)
 8 FCPATH\index.php(79): CodeIgniter\CodeIgniter->run()
 9 SYSTEMPATH\Commands\Server\rewrite.php(47): require_once('D:\\Koding Related\\Source Code\\PHP\\Codeigniter 4\\OTHER\\flower-asset\\public\\index.php')
CRITICAL - 2023-12-09 08:36:57 --> Call to undefined function selectFlowerType()
in APPPATH\Views\Flowers\data_tanaman\filtering_tanaman.php on line 69.
 1 SYSTEMPATH\View\View.php(228): include()
 2 SYSTEMPATH\View\View.php(231): CodeIgniter\View\View->CodeIgniter\View\{closure}()
 3 SYSTEMPATH\Common.php(1190): CodeIgniter\View\View->render('flowers/data_tanaman/filtering_tanaman', [], true)
 4 APPPATH\Controllers\FlowerController.php(26): view('flowers/data_tanaman/filtering_tanaman', [...])
 5 SYSTEMPATH\CodeIgniter.php(942): App\Controllers\FlowerController->indexFilter()
 6 SYSTEMPATH\CodeIgniter.php(502): CodeIgniter\CodeIgniter->runController(Object(App\Controllers\FlowerController))
 7 SYSTEMPATH\CodeIgniter.php(361): CodeIgniter\CodeIgniter->handleRequest(null, Object(Config\Cache), false)
 8 FCPATH\index.php(79): CodeIgniter\CodeIgniter->run()
 9 SYSTEMPATH\Commands\Server\rewrite.php(47): require_once('D:\\Koding Related\\Source Code\\PHP\\Codeigniter 4\\OTHER\\flower-asset\\public\\index.php')
INFO - 2023-12-09 13:31:54 --> REDIRECTED ROUTE at http://localhost:8080/login
CRITICAL - 2023-12-09 13:32:10 --> Call to undefined function selectFlowerType()
in APPPATH\Views\Flowers\data_tanaman\filtering_tanaman.php on line 69.
 1 SYSTEMPATH\View\View.php(228): include()
 2 SYSTEMPATH\View\View.php(231): CodeIgniter\View\View->CodeIgniter\View\{closure}()
 3 SYSTEMPATH\Common.php(1190): CodeIgniter\View\View->render('flowers/data_tanaman/filtering_tanaman', [], true)
 4 APPPATH\Controllers\FlowerController.php(26): view('flowers/data_tanaman/filtering_tanaman', [...])
 5 SYSTEMPATH\CodeIgniter.php(942): App\Controllers\FlowerController->indexFilter()
 6 SYSTEMPATH\CodeIgniter.php(502): CodeIgniter\CodeIgniter->runController(Object(App\Controllers\FlowerController))
 7 SYSTEMPATH\CodeIgniter.php(361): CodeIgniter\CodeIgniter->handleRequest(null, Object(Config\Cache), false)
 8 FCPATH\index.php(79): CodeIgniter\CodeIgniter->run()
 9 SYSTEMPATH\Commands\Server\rewrite.php(47): require_once('D:\\Koding Related\\Source Code\\PHP\\Codeigniter 4\\OTHER\\flower-asset\\public\\index.php')
CRITICAL - 2023-12-09 13:33:42 --> Call to undefined function selectFlowerType()
in APPPATH\Views\Flowers\data_tanaman\filtering_tanaman.php on line 69.
 1 SYSTEMPATH\View\View.php(228): include()
 2 SYSTEMPATH\View\View.php(231): CodeIgniter\View\View->CodeIgniter\View\{closure}()
 3 SYSTEMPATH\Common.php(1190): CodeIgniter\View\View->render('flowers/data_tanaman/filtering_tanaman', [], true)
 4 APPPATH\Controllers\FlowerController.php(26): view('flowers/data_tanaman/filtering_tanaman', [...])
 5 SYSTEMPATH\CodeIgniter.php(942): App\Controllers\FlowerController->indexFilter()
 6 SYSTEMPATH\CodeIgniter.php(502): CodeIgniter\CodeIgniter->runController(Object(App\Controllers\FlowerController))
 7 SYSTEMPATH\CodeIgniter.php(361): CodeIgniter\CodeIgniter->handleRequest(null, Object(Config\Cache), false)
 8 FCPATH\index.php(79): CodeIgniter\CodeIgniter->run()
 9 SYSTEMPATH\Commands\Server\rewrite.php(47): require_once('D:\\Koding Related\\Source Code\\PHP\\Codeigniter 4\\OTHER\\flower-asset\\public\\index.php')
CRITICAL - 2023-12-09 13:35:33 --> Call to undefined function selectFlowerType()
in APPPATH\Views\Flowers\data_tanaman\filtering_tanaman.php on line 69.
 1 SYSTEMPATH\View\View.php(228): include()
 2 SYSTEMPATH\View\View.php(231): CodeIgniter\View\View->CodeIgniter\View\{closure}()
 3 SYSTEMPATH\Common.php(1190): CodeIgniter\View\View->render('flowers/data_tanaman/filtering_tanaman', [], true)
 4 APPPATH\Controllers\FlowerController.php(26): view('flowers/data_tanaman/filtering_tanaman', [...])
 5 SYSTEMPATH\CodeIgniter.php(942): App\Controllers\FlowerController->indexFilter()
 6 SYSTEMPATH\CodeIgniter.php(502): CodeIgniter\CodeIgniter->runController(Object(App\Controllers\FlowerController))
 7 SYSTEMPATH\CodeIgniter.php(361): CodeIgniter\CodeIgniter->handleRequest(null, Object(Config\Cache), false)
 8 FCPATH\index.php(79): CodeIgniter\CodeIgniter->run()
 9 SYSTEMPATH\Commands\Server\rewrite.php(47): require_once('D:\\Koding Related\\Source Code\\PHP\\Codeigniter 4\\OTHER\\flower-asset\\public\\index.php')
CRITICAL - 2023-12-09 13:35:33 --> Call to undefined function selectFlowerType()
in APPPATH\Views\Flowers\data_tanaman\filtering_tanaman.php on line 69.
 1 SYSTEMPATH\View\View.php(228): include()
 2 SYSTEMPATH\View\View.php(231): CodeIgniter\View\View->CodeIgniter\View\{closure}()
 3 SYSTEMPATH\Common.php(1190): CodeIgniter\View\View->render('flowers/data_tanaman/filtering_tanaman', [], true)
 4 APPPATH\Controllers\FlowerController.php(26): view('flowers/data_tanaman/filtering_tanaman', [...])
 5 SYSTEMPATH\CodeIgniter.php(942): App\Controllers\FlowerController->indexFilter()
 6 SYSTEMPATH\CodeIgniter.php(502): CodeIgniter\CodeIgniter->runController(Object(App\Controllers\FlowerController))
 7 SYSTEMPATH\CodeIgniter.php(361): CodeIgniter\CodeIgniter->handleRequest(null, Object(Config\Cache), false)
 8 FCPATH\index.php(79): CodeIgniter\CodeIgniter->run()
 9 SYSTEMPATH\Commands\Server\rewrite.php(47): require_once('D:\\Koding Related\\Source Code\\PHP\\Codeigniter 4\\OTHER\\flower-asset\\public\\index.php')
CRITICAL - 2023-12-09 13:35:34 --> Call to undefined function selectFlowerType()
in APPPATH\Views\Flowers\data_tanaman\filtering_tanaman.php on line 69.
 1 SYSTEMPATH\View\View.php(228): include()
 2 SYSTEMPATH\View\View.php(231): CodeIgniter\View\View->CodeIgniter\View\{closure}()
 3 SYSTEMPATH\Common.php(1190): CodeIgniter\View\View->render('flowers/data_tanaman/filtering_tanaman', [], true)
 4 APPPATH\Controllers\FlowerController.php(26): view('flowers/data_tanaman/filtering_tanaman', [...])
 5 SYSTEMPATH\CodeIgniter.php(942): App\Controllers\FlowerController->indexFilter()
 6 SYSTEMPATH\CodeIgniter.php(502): CodeIgniter\CodeIgniter->runController(Object(App\Controllers\FlowerController))
 7 SYSTEMPATH\CodeIgniter.php(361): CodeIgniter\CodeIgniter->handleRequest(null, Object(Config\Cache), false)
 8 FCPATH\index.php(79): CodeIgniter\CodeIgniter->run()
 9 SYSTEMPATH\Commands\Server\rewrite.php(47): require_once('D:\\Koding Related\\Source Code\\PHP\\Codeigniter 4\\OTHER\\flower-asset\\public\\index.php')
CRITICAL - 2023-12-09 13:35:49 --> Call to undefined function selectFlowerType()
in APPPATH\Views\Flowers\data_tanaman\filtering_tanaman.php on line 69.
 1 SYSTEMPATH\View\View.php(228): include()
 2 SYSTEMPATH\View\View.php(231): CodeIgniter\View\View->CodeIgniter\View\{closure}()
 3 SYSTEMPATH\Common.php(1190): CodeIgniter\View\View->render('flowers/data_tanaman/filtering_tanaman', [], true)
 4 APPPATH\Controllers\FlowerController.php(26): view('flowers/data_tanaman/filtering_tanaman', [...])
 5 SYSTEMPATH\CodeIgniter.php(942): App\Controllers\FlowerController->indexFilter()
 6 SYSTEMPATH\CodeIgniter.php(502): CodeIgniter\CodeIgniter->runController(Object(App\Controllers\FlowerController))
 7 SYSTEMPATH\CodeIgniter.php(361): CodeIgniter\CodeIgniter->handleRequest(null, Object(Config\Cache), false)
 8 FCPATH\index.php(79): CodeIgniter\CodeIgniter->run()
 9 SYSTEMPATH\Commands\Server\rewrite.php(47): require_once('D:\\Koding Related\\Source Code\\PHP\\Codeigniter 4\\OTHER\\flower-asset\\public\\index.php')
CRITICAL - 2023-12-09 14:02:44 --> Class 'App\Actions\Flowers\FetchIndexDataAction' not found
in APPPATH\Controllers\FlowerController.php on line 32.
 1 SYSTEMPATH\CodeIgniter.php(942): App\Controllers\FlowerController->loadData()
 2 SYSTEMPATH\CodeIgniter.php(502): CodeIgniter\CodeIgniter->runController(Object(App\Controllers\FlowerController))
 3 SYSTEMPATH\CodeIgniter.php(361): CodeIgniter\CodeIgniter->handleRequest(null, Object(Config\Cache), false)
 4 FCPATH\index.php(79): CodeIgniter\CodeIgniter->run()
 5 SYSTEMPATH\Commands\Server\rewrite.php(47): require_once('D:\\Koding Related\\Source Code\\PHP\\Codeigniter 4\\OTHER\\flower-asset\\public\\index.php')
CRITICAL - 2023-12-09 14:02:55 --> Class 'App\Actions\Flowers\FetchIndexDataAction' not found
in APPPATH\Controllers\FlowerController.php on line 32.
 1 SYSTEMPATH\CodeIgniter.php(942): App\Controllers\FlowerController->loadData()
 2 SYSTEMPATH\CodeIgniter.php(502): CodeIgniter\CodeIgniter->runController(Object(App\Controllers\FlowerController))
 3 SYSTEMPATH\CodeIgniter.php(361): CodeIgniter\CodeIgniter->handleRequest(null, Object(Config\Cache), false)
 4 FCPATH\index.php(79): CodeIgniter\CodeIgniter->run()
 5 SYSTEMPATH\Commands\Server\rewrite.php(47): require_once('D:\\Koding Related\\Source Code\\PHP\\Codeigniter 4\\OTHER\\flower-asset\\public\\index.php')
CRITICAL - 2023-12-09 14:04:02 --> Class 'App\Actions\Flowers\FetchIndexDataAction' not found
in APPPATH\Controllers\FlowerController.php on line 32.
 1 SYSTEMPATH\CodeIgniter.php(942): App\Controllers\FlowerController->loadData()
 2 SYSTEMPATH\CodeIgniter.php(502): CodeIgniter\CodeIgniter->runController(Object(App\Controllers\FlowerController))
 3 SYSTEMPATH\CodeIgniter.php(361): CodeIgniter\CodeIgniter->handleRequest(null, Object(Config\Cache), false)
 4 FCPATH\index.php(79): CodeIgniter\CodeIgniter->run()
 5 SYSTEMPATH\Commands\Server\rewrite.php(47): require_once('D:\\Koding Related\\Source Code\\PHP\\Codeigniter 4\\OTHER\\flower-asset\\public\\index.php')
CRITICAL - 2023-12-09 14:05:28 --> Undefined index: category
in APPPATH\Action\Flowers\FetchFlowersAction.php on line 30.
 1 APPPATH\Action\Flowers\FetchFlowersAction.php(30): CodeIgniter\Debug\Exceptions->errorHandler(8, 'Undefined index: category', 'D:\\Koding Related\\Source Code\\PHP\\Codeigniter 4\\OTHER\\flower-asset\\app\\Action\\Flowers\\FetchFlowersAction.php', 30, [...])
 2 APPPATH\Action\Flowers\FetchIndexDataAction.php(40): App\Action\Flowers\FetchFlowersAction->execute([...])
 3 APPPATH\Action\Flowers\FetchIndexDataAction.php(11): App\Action\Flowers\FetchIndexDataAction->getDtData([...])
 4 APPPATH\Controllers\FlowerController.php(32): App\Action\Flowers\FetchIndexDataAction->execute([...])
 5 SYSTEMPATH\CodeIgniter.php(942): App\Controllers\FlowerController->loadData()
 6 SYSTEMPATH\CodeIgniter.php(502): CodeIgniter\CodeIgniter->runController(Object(App\Controllers\FlowerController))
 7 SYSTEMPATH\CodeIgniter.php(361): CodeIgniter\CodeIgniter->handleRequest(null, Object(Config\Cache), false)
 8 FCPATH\index.php(79): CodeIgniter\CodeIgniter->run()
 9 SYSTEMPATH\Commands\Server\rewrite.php(47): require_once('D:\\Koding Related\\Source Code\\PHP\\Codeigniter 4\\OTHER\\flower-asset\\public\\index.php')
CRITICAL - 2023-12-09 14:05:48 --> Undefined index: category
in APPPATH\Action\Flowers\FetchFlowersAction.php on line 30.
 1 APPPATH\Action\Flowers\FetchFlowersAction.php(30): CodeIgniter\Debug\Exceptions->errorHandler(8, 'Undefined index: category', 'D:\\Koding Related\\Source Code\\PHP\\Codeigniter 4\\OTHER\\flower-asset\\app\\Action\\Flowers\\FetchFlowersAction.php', 30, [...])
 2 APPPATH\Action\Flowers\FetchIndexDataAction.php(40): App\Action\Flowers\FetchFlowersAction->execute([...])
 3 APPPATH\Action\Flowers\FetchIndexDataAction.php(11): App\Action\Flowers\FetchIndexDataAction->getDtData([...])
 4 APPPATH\Controllers\FlowerController.php(32): App\Action\Flowers\FetchIndexDataAction->execute([...])
 5 SYSTEMPATH\CodeIgniter.php(942): App\Controllers\FlowerController->loadData()
 6 SYSTEMPATH\CodeIgniter.php(502): CodeIgniter\CodeIgniter->runController(Object(App\Controllers\FlowerController))
 7 SYSTEMPATH\CodeIgniter.php(361): CodeIgniter\CodeIgniter->handleRequest(null, Object(Config\Cache), false)
 8 FCPATH\index.php(79): CodeIgniter\CodeIgniter->run()
 9 SYSTEMPATH\Commands\Server\rewrite.php(47): require_once('D:\\Koding Related\\Source Code\\PHP\\Codeigniter 4\\OTHER\\flower-asset\\public\\index.php')
CRITICAL - 2023-12-09 14:06:38 --> Undefined index: category
in APPPATH\Action\Flowers\FetchFlowersAction.php on line 30.
 1 APPPATH\Action\Flowers\FetchFlowersAction.php(30): CodeIgniter\Debug\Exceptions->errorHandler(8, 'Undefined index: category', 'D:\\Koding Related\\Source Code\\PHP\\Codeigniter 4\\OTHER\\flower-asset\\app\\Action\\Flowers\\FetchFlowersAction.php', 30, [...])
 2 APPPATH\Action\Flowers\FetchIndexDataAction.php(40): App\Action\Flowers\FetchFlowersAction->execute([...])
 3 APPPATH\Action\Flowers\FetchIndexDataAction.php(11): App\Action\Flowers\FetchIndexDataAction->getDtData([...])
 4 APPPATH\Controllers\FlowerController.php(32): App\Action\Flowers\FetchIndexDataAction->execute([...])
 5 SYSTEMPATH\CodeIgniter.php(942): App\Controllers\FlowerController->loadData()
 6 SYSTEMPATH\CodeIgniter.php(502): CodeIgniter\CodeIgniter->runController(Object(App\Controllers\FlowerController))
 7 SYSTEMPATH\CodeIgniter.php(361): CodeIgniter\CodeIgniter->handleRequest(null, Object(Config\Cache), false)
 8 FCPATH\index.php(79): CodeIgniter\CodeIgniter->run()
 9 SYSTEMPATH\Commands\Server\rewrite.php(47): require_once('D:\\Koding Related\\Source Code\\PHP\\Codeigniter 4\\OTHER\\flower-asset\\public\\index.php')
CRITICAL - 2023-12-09 14:06:42 --> Undefined index: category
in APPPATH\Action\Flowers\FetchFlowersAction.php on line 30.
 1 APPPATH\Action\Flowers\FetchFlowersAction.php(30): CodeIgniter\Debug\Exceptions->errorHandler(8, 'Undefined index: category', 'D:\\Koding Related\\Source Code\\PHP\\Codeigniter 4\\OTHER\\flower-asset\\app\\Action\\Flowers\\FetchFlowersAction.php', 30, [...])
 2 APPPATH\Action\Flowers\FetchIndexDataAction.php(40): App\Action\Flowers\FetchFlowersAction->execute([...])
 3 APPPATH\Action\Flowers\FetchIndexDataAction.php(11): App\Action\Flowers\FetchIndexDataAction->getDtData([...])
 4 APPPATH\Controllers\FlowerController.php(32): App\Action\Flowers\FetchIndexDataAction->execute([...])
 5 SYSTEMPATH\CodeIgniter.php(942): App\Controllers\FlowerController->loadData()
 6 SYSTEMPATH\CodeIgniter.php(502): CodeIgniter\CodeIgniter->runController(Object(App\Controllers\FlowerController))
 7 SYSTEMPATH\CodeIgniter.php(361): CodeIgniter\CodeIgniter->handleRequest(null, Object(Config\Cache), false)
 8 FCPATH\index.php(79): CodeIgniter\CodeIgniter->run()
 9 SYSTEMPATH\Commands\Server\rewrite.php(47): require_once('D:\\Koding Related\\Source Code\\PHP\\Codeigniter 4\\OTHER\\flower-asset\\public\\index.php')
CRITICAL - 2023-12-09 14:07:18 --> Undefined index: category
in APPPATH\Action\Flowers\FetchFlowersAction.php on line 30.
 1 APPPATH\Action\Flowers\FetchFlowersAction.php(30): CodeIgniter\Debug\Exceptions->errorHandler(8, 'Undefined index: category', 'D:\\Koding Related\\Source Code\\PHP\\Codeigniter 4\\OTHER\\flower-asset\\app\\Action\\Flowers\\FetchFlowersAction.php', 30, [...])
 2 APPPATH\Action\Flowers\FetchIndexDataAction.php(40): App\Action\Flowers\FetchFlowersAction->execute([...])
 3 APPPATH\Action\Flowers\FetchIndexDataAction.php(11): App\Action\Flowers\FetchIndexDataAction->getDtData([...])
 4 APPPATH\Controllers\FlowerController.php(32): App\Action\Flowers\FetchIndexDataAction->execute([...])
 5 SYSTEMPATH\CodeIgniter.php(942): App\Controllers\FlowerController->loadData()
 6 SYSTEMPATH\CodeIgniter.php(502): CodeIgniter\CodeIgniter->runController(Object(App\Controllers\FlowerController))
 7 SYSTEMPATH\CodeIgniter.php(361): CodeIgniter\CodeIgniter->handleRequest(null, Object(Config\Cache), false)
 8 FCPATH\index.php(79): CodeIgniter\CodeIgniter->run()
 9 SYSTEMPATH\Commands\Server\rewrite.php(47): require_once('D:\\Koding Related\\Source Code\\PHP\\Codeigniter 4\\OTHER\\flower-asset\\public\\index.php')
CRITICAL - 2023-12-09 14:08:50 --> Undefined index: category
in APPPATH\Action\Flowers\FetchFlowersAction.php on line 30.
 1 APPPATH\Action\Flowers\FetchFlowersAction.php(30): CodeIgniter\Debug\Exceptions->errorHandler(8, 'Undefined index: category', 'D:\\Koding Related\\Source Code\\PHP\\Codeigniter 4\\OTHER\\flower-asset\\app\\Action\\Flowers\\FetchFlowersAction.php', 30, [...])
 2 APPPATH\Action\Flowers\FetchIndexDataAction.php(40): App\Action\Flowers\FetchFlowersAction->execute([...])
 3 APPPATH\Action\Flowers\FetchIndexDataAction.php(11): App\Action\Flowers\FetchIndexDataAction->getDtData([...])
 4 APPPATH\Controllers\FlowerController.php(32): App\Action\Flowers\FetchIndexDataAction->execute([...])
 5 SYSTEMPATH\CodeIgniter.php(942): App\Controllers\FlowerController->loadData()
 6 SYSTEMPATH\CodeIgniter.php(502): CodeIgniter\CodeIgniter->runController(Object(App\Controllers\FlowerController))
 7 SYSTEMPATH\CodeIgniter.php(361): CodeIgniter\CodeIgniter->handleRequest(null, Object(Config\Cache), false)
 8 FCPATH\index.php(79): CodeIgniter\CodeIgniter->run()
 9 SYSTEMPATH\Commands\Server\rewrite.php(47): require_once('D:\\Koding Related\\Source Code\\PHP\\Codeigniter 4\\OTHER\\flower-asset\\public\\index.php')
CRITICAL - 2023-12-09 14:09:41 --> Undefined index: category
in APPPATH\Action\Flowers\FetchFlowersAction.php on line 30.
 1 APPPATH\Action\Flowers\FetchFlowersAction.php(30): CodeIgniter\Debug\Exceptions->errorHandler(8, 'Undefined index: category', 'D:\\Koding Related\\Source Code\\PHP\\Codeigniter 4\\OTHER\\flower-asset\\app\\Action\\Flowers\\FetchFlowersAction.php', 30, [...])
 2 APPPATH\Action\Flowers\FetchIndexDataAction.php(40): App\Action\Flowers\FetchFlowersAction->execute([...])
 3 APPPATH\Action\Flowers\FetchIndexDataAction.php(11): App\Action\Flowers\FetchIndexDataAction->getDtData([...])
 4 APPPATH\Controllers\FlowerController.php(32): App\Action\Flowers\FetchIndexDataAction->execute([...])
 5 SYSTEMPATH\CodeIgniter.php(942): App\Controllers\FlowerController->loadData()
 6 SYSTEMPATH\CodeIgniter.php(502): CodeIgniter\CodeIgniter->runController(Object(App\Controllers\FlowerController))
 7 SYSTEMPATH\CodeIgniter.php(361): CodeIgniter\CodeIgniter->handleRequest(null, Object(Config\Cache), false)
 8 FCPATH\index.php(79): CodeIgniter\CodeIgniter->run()
 9 SYSTEMPATH\Commands\Server\rewrite.php(47): require_once('D:\\Koding Related\\Source Code\\PHP\\Codeigniter 4\\OTHER\\flower-asset\\public\\index.php')
CRITICAL - 2023-12-09 14:09:48 --> Call to a member function limit() on array
in APPPATH\Action\Flowers\FetchIndexDataAction.php on line 43.
 1 APPPATH\Action\Flowers\FetchIndexDataAction.php(11): App\Action\Flowers\FetchIndexDataAction->getDtData([...])
 2 APPPATH\Controllers\FlowerController.php(32): App\Action\Flowers\FetchIndexDataAction->execute([...])
 3 SYSTEMPATH\CodeIgniter.php(942): App\Controllers\FlowerController->loadData()
 4 SYSTEMPATH\CodeIgniter.php(502): CodeIgniter\CodeIgniter->runController(Object(App\Controllers\FlowerController))
 5 SYSTEMPATH\CodeIgniter.php(361): CodeIgniter\CodeIgniter->handleRequest(null, Object(Config\Cache), false)
 6 FCPATH\index.php(79): CodeIgniter\CodeIgniter->run()
 7 SYSTEMPATH\Commands\Server\rewrite.php(47): require_once('D:\\Koding Related\\Source Code\\PHP\\Codeigniter 4\\OTHER\\flower-asset\\public\\index.php')
CRITICAL - 2023-12-09 14:09:51 --> Call to a member function limit() on array
in APPPATH\Action\Flowers\FetchIndexDataAction.php on line 43.
 1 APPPATH\Action\Flowers\FetchIndexDataAction.php(11): App\Action\Flowers\FetchIndexDataAction->getDtData([...])
 2 APPPATH\Controllers\FlowerController.php(32): App\Action\Flowers\FetchIndexDataAction->execute([...])
 3 SYSTEMPATH\CodeIgniter.php(942): App\Controllers\FlowerController->loadData()
 4 SYSTEMPATH\CodeIgniter.php(502): CodeIgniter\CodeIgniter->runController(Object(App\Controllers\FlowerController))
 5 SYSTEMPATH\CodeIgniter.php(361): CodeIgniter\CodeIgniter->handleRequest(null, Object(Config\Cache), false)
 6 FCPATH\index.php(79): CodeIgniter\CodeIgniter->run()
 7 SYSTEMPATH\Commands\Server\rewrite.php(47): require_once('D:\\Koding Related\\Source Code\\PHP\\Codeigniter 4\\OTHER\\flower-asset\\public\\index.php')
CRITICAL - 2023-12-09 14:10:01 --> Cannot use object of type stdClass as array
in APPPATH\Action\Flowers\FetchIndexDataAction.php on line 20.
 1 APPPATH\Controllers\FlowerController.php(32): App\Action\Flowers\FetchIndexDataAction->execute([...])
 2 SYSTEMPATH\CodeIgniter.php(942): App\Controllers\FlowerController->loadData()
 3 SYSTEMPATH\CodeIgniter.php(502): CodeIgniter\CodeIgniter->runController(Object(App\Controllers\FlowerController))
 4 SYSTEMPATH\CodeIgniter.php(361): CodeIgniter\CodeIgniter->handleRequest(null, Object(Config\Cache), false)
 5 FCPATH\index.php(79): CodeIgniter\CodeIgniter->run()
 6 SYSTEMPATH\Commands\Server\rewrite.php(47): require_once('D:\\Koding Related\\Source Code\\PHP\\Codeigniter 4\\OTHER\\flower-asset\\public\\index.php')
CRITICAL - 2023-12-09 14:10:03 --> Cannot use object of type stdClass as array
in APPPATH\Action\Flowers\FetchIndexDataAction.php on line 20.
 1 APPPATH\Controllers\FlowerController.php(32): App\Action\Flowers\FetchIndexDataAction->execute([...])
 2 SYSTEMPATH\CodeIgniter.php(942): App\Controllers\FlowerController->loadData()
 3 SYSTEMPATH\CodeIgniter.php(502): CodeIgniter\CodeIgniter->runController(Object(App\Controllers\FlowerController))
 4 SYSTEMPATH\CodeIgniter.php(361): CodeIgniter\CodeIgniter->handleRequest(null, Object(Config\Cache), false)
 5 FCPATH\index.php(79): CodeIgniter\CodeIgniter->run()
 6 SYSTEMPATH\Commands\Server\rewrite.php(47): require_once('D:\\Koding Related\\Source Code\\PHP\\Codeigniter 4\\OTHER\\flower-asset\\public\\index.php')
CRITICAL - 2023-12-09 14:11:26 --> Undefined index: category
in APPPATH\Action\Flowers\FetchFlowersAction.php on line 30.
 1 APPPATH\Action\Flowers\FetchFlowersAction.php(30): CodeIgniter\Debug\Exceptions->errorHandler(8, 'Undefined index: category', 'D:\\Koding Related\\Source Code\\PHP\\Codeigniter 4\\OTHER\\flower-asset\\app\\Action\\Flowers\\FetchFlowersAction.php', 30, [...])
 2 APPPATH\Action\Flowers\FetchIndexDataAction.php(40): App\Action\Flowers\FetchFlowersAction->execute([...])
 3 APPPATH\Action\Flowers\FetchIndexDataAction.php(11): App\Action\Flowers\FetchIndexDataAction->getDtData([...])
 4 APPPATH\Controllers\FlowerController.php(32): App\Action\Flowers\FetchIndexDataAction->execute([...])
 5 SYSTEMPATH\CodeIgniter.php(942): App\Controllers\FlowerController->loadData()
 6 SYSTEMPATH\CodeIgniter.php(502): CodeIgniter\CodeIgniter->runController(Object(App\Controllers\FlowerController))
 7 SYSTEMPATH\CodeIgniter.php(361): CodeIgniter\CodeIgniter->handleRequest(null, Object(Config\Cache), false)
 8 FCPATH\index.php(79): CodeIgniter\CodeIgniter->run()
 9 SYSTEMPATH\Commands\Server\rewrite.php(47): require_once('D:\\Koding Related\\Source Code\\PHP\\Codeigniter 4\\OTHER\\flower-asset\\public\\index.php')
INFO - 2023-12-09 16:12:11 --> Session: Class initialized using 'CodeIgniter\Session\Handlers\FileHandler' driver.
INFO - 2023-12-09 16:37:55 --> Session: Class initialized using 'CodeIgniter\Session\Handlers\FileHandler' driver.
INFO - 2023-12-09 16:37:56 --> Session: Class initialized using 'CodeIgniter\Session\Handlers\FileHandler' driver.
INFO - 2023-12-09 16:37:57 --> Session: Class initialized using 'CodeIgniter\Session\Handlers\FileHandler' driver.
INFO - 2023-12-09 16:37:58 --> Session: Class initialized using 'CodeIgniter\Session\Handlers\FileHandler' driver.
CRITICAL - 2023-12-09 16:38:14 --> Function name must be a string
in APPPATH\Action\Flowers\InsertFlowersDataAction.php on line 22.
 1 APPPATH\Controllers\FlowerController.php(65): App\Action\Flowers\InsertFlowersDataAction->execute([...])
 2 SYSTEMPATH\CodeIgniter.php(942): App\Controllers\FlowerController->create2()
 3 SYSTEMPATH\CodeIgniter.php(502): CodeIgniter\CodeIgniter->runController(Object(App\Controllers\FlowerController))
 4 SYSTEMPATH\CodeIgniter.php(361): CodeIgniter\CodeIgniter->handleRequest(null, Object(Config\Cache), false)
 5 FCPATH\index.php(79): CodeIgniter\CodeIgniter->run()
 6 SYSTEMPATH\Commands\Server\rewrite.php(47): require_once('D:\\Koding Related\\Source Code\\PHP\\Codeigniter 4\\OTHER\\flower-asset\\public\\index.php')
CRITICAL - 2023-12-09 16:38:30 --> Function name must be a string
in APPPATH\Action\Flowers\InsertFlowersDataAction.php on line 22.
 1 APPPATH\Controllers\FlowerController.php(65): App\Action\Flowers\InsertFlowersDataAction->execute([...])
 2 SYSTEMPATH\CodeIgniter.php(942): App\Controllers\FlowerController->create2()
 3 SYSTEMPATH\CodeIgniter.php(502): CodeIgniter\CodeIgniter->runController(Object(App\Controllers\FlowerController))
 4 SYSTEMPATH\CodeIgniter.php(361): CodeIgniter\CodeIgniter->handleRequest(null, Object(Config\Cache), false)
 5 FCPATH\index.php(79): CodeIgniter\CodeIgniter->run()
 6 SYSTEMPATH\Commands\Server\rewrite.php(47): require_once('D:\\Koding Related\\Source Code\\PHP\\Codeigniter 4\\OTHER\\flower-asset\\public\\index.php')
CRITICAL - 2023-12-09 16:40:45 --> Call to a member function getFile() on array
in APPPATH\Action\Flowers\InsertFlowersDataAction.php on line 35.
 1 APPPATH\Controllers\FlowerController.php(65): App\Action\Flowers\InsertFlowersDataAction->execute([...])
 2 SYSTEMPATH\CodeIgniter.php(942): App\Controllers\FlowerController->create2()
 3 SYSTEMPATH\CodeIgniter.php(502): CodeIgniter\CodeIgniter->runController(Object(App\Controllers\FlowerController))
 4 SYSTEMPATH\CodeIgniter.php(361): CodeIgniter\CodeIgniter->handleRequest(null, Object(Config\Cache), false)
 5 FCPATH\index.php(79): CodeIgniter\CodeIgniter->run()
 6 SYSTEMPATH\Commands\Server\rewrite.php(47): require_once('D:\\Koding Related\\Source Code\\PHP\\Codeigniter 4\\OTHER\\flower-asset\\public\\index.php')
CRITICAL - 2023-12-09 16:43:23 --> Argument 1 passed to CodeIgniter\Validation\Validation::withRequest() must implement interface CodeIgniter\HTTP\RequestInterface, null given, called in D:\Koding Related\Source Code\PHP\Codeigniter 4\OTHER\flower-asset\vendor\codeigniter4\framework\system\Controller.php on line 152
in SYSTEMPATH\Validation\Validation.php on line 477.
 1 SYSTEMPATH\Controller.php(152): CodeIgniter\Validation\Validation->withRequest(null)
 2 APPPATH\Action\Flowers\InsertFlowersDataAction.php(24): CodeIgniter\Controller->validate([...])
 3 APPPATH\Controllers\FlowerController.php(65): App\Action\Flowers\InsertFlowersDataAction->execute([...])
 4 SYSTEMPATH\CodeIgniter.php(942): App\Controllers\FlowerController->create2()
 5 SYSTEMPATH\CodeIgniter.php(502): CodeIgniter\CodeIgniter->runController(Object(App\Controllers\FlowerController))
 6 SYSTEMPATH\CodeIgniter.php(361): CodeIgniter\CodeIgniter->handleRequest(null, Object(Config\Cache), false)
 7 FCPATH\index.php(79): CodeIgniter\CodeIgniter->run()
 8 SYSTEMPATH\Commands\Server\rewrite.php(47): require_once('D:\\Koding Related\\Source Code\\PHP\\Codeigniter 4\\OTHER\\flower-asset\\public\\index.php')
