INFO - 2024-01-04 00:29:05 --> REDIRECTED ROUTE at http://localhost:8080/login
INFO - 2024-01-04 00:29:06 --> Session: Class initialized using 'CodeIgniter\Session\Handlers\FileHandler' driver.
INFO - 2024-01-04 00:29:13 --> Session: Class initialized using 'CodeIgniter\Session\Handlers\FileHandler' driver.
INFO - 2024-01-04 00:29:14 --> Session: Class initialized using 'CodeIgniter\Session\Handlers\FileHandler' driver.
INFO - 2024-01-04 00:29:21 --> Session: Class initialized using 'CodeIgniter\Session\Handlers\FileHandler' driver.
INFO - 2024-01-04 00:29:22 --> Session: Class initialized using 'CodeIgniter\Session\Handlers\FileHandler' driver.
INFO - 2024-01-04 00:29:26 --> Session: Class initialized using 'CodeIgniter\Session\Handlers\FileHandler' driver.
INFO - 2024-01-04 00:40:10 --> Session: Class initialized using 'CodeIgniter\Session\Handlers\FileHandler' driver.
INFO - 2024-01-04 00:49:26 --> Session: Class initialized using 'CodeIgniter\Session\Handlers\FileHandler' driver.
INFO - 2024-01-04 00:49:43 --> Session: Class initialized using 'CodeIgniter\Session\Handlers\FileHandler' driver.
INFO - 2024-01-04 00:49:43 --> Session: Class initialized using 'CodeIgniter\Session\Handlers\FileHandler' driver.
INFO - 2024-01-04 00:49:50 --> Session: Class initialized using 'CodeIgniter\Session\Handlers\FileHandler' driver.
INFO - 2024-01-04 00:49:51 --> Session: Class initialized using 'CodeIgniter\Session\Handlers\FileHandler' driver.
INFO - 2024-01-04 00:50:52 --> Session: Class initialized using 'CodeIgniter\Session\Handlers\FileHandler' driver.
INFO - 2024-01-04 00:54:14 --> Session: Class initialized using 'CodeIgniter\Session\Handlers\FileHandler' driver.
INFO - 2024-01-04 00:54:16 --> Session: Class initialized using 'CodeIgniter\Session\Handlers\FileHandler' driver.
CRITICAL - 2024-01-04 00:54:16 --> Invalid file: "pdfPath.php"
in SYSTEMPATH\Exceptions\FrameworkException.php on line 39.
 1 SYSTEMPATH\View\View.php(216): CodeIgniter\Exceptions\FrameworkException::forInvalidFile('pdfPath.php')
 2 SYSTEMPATH\Common.php(1190): CodeIgniter\View\View->render('pdfPath', [], true)
 3 APPPATH\Controllers\DashboardController.php(25): view('pdfPath', [...])
 4 SYSTEMPATH\CodeIgniter.php(942): App\Controllers\DashboardController->panduan()
 5 SYSTEMPATH\CodeIgniter.php(502): CodeIgniter\CodeIgniter->runController(Object(App\Controllers\DashboardController))
 6 SYSTEMPATH\CodeIgniter.php(361): CodeIgniter\CodeIgniter->handleRequest(null, Object(Config\Cache), false)
 7 FCPATH\index.php(79): CodeIgniter\CodeIgniter->run()
 8 SYSTEMPATH\Commands\Server\rewrite.php(47): require_once('C:\\flower-asset\\public\\index.php')
INFO - 2024-01-04 00:54:42 --> Session: Class initialized using 'CodeIgniter\Session\Handlers\FileHandler' driver.
INFO - 2024-01-04 00:55:30 --> Session: Class initialized using 'CodeIgniter\Session\Handlers\FileHandler' driver.
INFO - 2024-01-04 00:55:32 --> Session: Class initialized using 'CodeIgniter\Session\Handlers\FileHandler' driver.
CRITICAL - 2024-01-04 00:55:32 --> Invalid file: "panduan.php"
in SYSTEMPATH\Exceptions\FrameworkException.php on line 39.
 1 SYSTEMPATH\View\View.php(216): CodeIgniter\Exceptions\FrameworkException::forInvalidFile('panduan.php')
 2 SYSTEMPATH\Common.php(1190): CodeIgniter\View\View->render('panduan', [], true)
 3 APPPATH\Controllers\DashboardController.php(25): view('panduan', [...])
 4 SYSTEMPATH\CodeIgniter.php(942): App\Controllers\DashboardController->panduan()
 5 SYSTEMPATH\CodeIgniter.php(502): CodeIgniter\CodeIgniter->runController(Object(App\Controllers\DashboardController))
 6 SYSTEMPATH\CodeIgniter.php(361): CodeIgniter\CodeIgniter->handleRequest(null, Object(Config\Cache), false)
 7 FCPATH\index.php(79): CodeIgniter\CodeIgniter->run()
 8 SYSTEMPATH\Commands\Server\rewrite.php(47): require_once('C:\\flower-asset\\public\\index.php')
INFO - 2024-01-04 01:00:49 --> Session: Class initialized using 'CodeIgniter\Session\Handlers\FileHandler' driver.
INFO - 2024-01-04 01:05:05 --> Session: Class initialized using 'CodeIgniter\Session\Handlers\FileHandler' driver.
INFO - 2024-01-04 01:12:57 --> Session: Class initialized using 'CodeIgniter\Session\Handlers\FileHandler' driver.
INFO - 2024-01-04 01:15:06 --> Session: Class initialized using 'CodeIgniter\Session\Handlers\FileHandler' driver.
INFO - 2024-01-04 01:16:57 --> Session: Class initialized using 'CodeIgniter\Session\Handlers\FileHandler' driver.
INFO - 2024-01-04 01:17:25 --> Session: Class initialized using 'CodeIgniter\Session\Handlers\FileHandler' driver.
INFO - 2024-01-04 01:17:25 --> Session: Class initialized using 'CodeIgniter\Session\Handlers\FileHandler' driver.
INFO - 2024-01-04 01:17:29 --> Session: Class initialized using 'CodeIgniter\Session\Handlers\FileHandler' driver.
INFO - 2024-01-04 01:17:30 --> Session: Class initialized using 'CodeIgniter\Session\Handlers\FileHandler' driver.
INFO - 2024-01-04 13:31:39 --> REDIRECTED ROUTE at http://localhost:8080/login
INFO - 2024-01-04 13:31:39 --> Session: Class initialized using 'CodeIgniter\Session\Handlers\FileHandler' driver.
INFO - 2024-01-04 13:34:03 --> Session: Class initialized using 'CodeIgniter\Session\Handlers\FileHandler' driver.
INFO - 2024-01-04 13:34:53 --> Session: Class initialized using 'CodeIgniter\Session\Handlers\FileHandler' driver.
INFO - 2024-01-04 13:35:02 --> Session: Class initialized using 'CodeIgniter\Session\Handlers\FileHandler' driver.
INFO - 2024-01-04 13:35:18 --> Session: Class initialized using 'CodeIgniter\Session\Handlers\FileHandler' driver.
INFO - 2024-01-04 13:35:18 --> Session: Class initialized using 'CodeIgniter\Session\Handlers\FileHandler' driver.
INFO - 2024-01-04 13:35:31 --> Session: Class initialized using 'CodeIgniter\Session\Handlers\FileHandler' driver.
INFO - 2024-01-04 13:35:31 --> Session: Class initialized using 'CodeIgniter\Session\Handlers\FileHandler' driver.
INFO - 2024-01-04 13:35:48 --> Session: Class initialized using 'CodeIgniter\Session\Handlers\FileHandler' driver.
INFO - 2024-01-04 13:35:49 --> Session: Class initialized using 'CodeIgniter\Session\Handlers\FileHandler' driver.
INFO - 2024-01-04 13:36:45 --> Session: Class initialized using 'CodeIgniter\Session\Handlers\FileHandler' driver.
INFO - 2024-01-04 13:36:58 --> Session: Class initialized using 'CodeIgniter\Session\Handlers\FileHandler' driver.
INFO - 2024-01-04 13:37:08 --> Session: Class initialized using 'CodeIgniter\Session\Handlers\FileHandler' driver.
INFO - 2024-01-04 13:37:10 --> Session: Class initialized using 'CodeIgniter\Session\Handlers\FileHandler' driver.
INFO - 2024-01-04 13:37:20 --> Session: Class initialized using 'CodeIgniter\Session\Handlers\FileHandler' driver.
INFO - 2024-01-04 13:37:22 --> Session: Class initialized using 'CodeIgniter\Session\Handlers\FileHandler' driver.
INFO - 2024-01-04 13:38:56 --> Session: Class initialized using 'CodeIgniter\Session\Handlers\FileHandler' driver.
INFO - 2024-01-04 13:38:56 --> Session: Class initialized using 'CodeIgniter\Session\Handlers\FileHandler' driver.
INFO - 2024-01-04 13:40:03 --> Session: Class initialized using 'CodeIgniter\Session\Handlers\FileHandler' driver.
INFO - 2024-01-04 13:40:35 --> Session: Class initialized using 'CodeIgniter\Session\Handlers\FileHandler' driver.
INFO - 2024-01-04 13:40:43 --> Session: Class initialized using 'CodeIgniter\Session\Handlers\FileHandler' driver.
INFO - 2024-01-04 13:40:57 --> Session: Class initialized using 'CodeIgniter\Session\Handlers\FileHandler' driver.
INFO - 2024-01-04 13:40:58 --> Session: Class initialized using 'CodeIgniter\Session\Handlers\FileHandler' driver.
INFO - 2024-01-04 13:41:11 --> Session: Class initialized using 'CodeIgniter\Session\Handlers\FileHandler' driver.
INFO - 2024-01-04 13:41:11 --> Session: Class initialized using 'CodeIgniter\Session\Handlers\FileHandler' driver.
INFO - 2024-01-04 13:41:25 --> Session: Class initialized using 'CodeIgniter\Session\Handlers\FileHandler' driver.
INFO - 2024-01-04 13:41:26 --> Session: Class initialized using 'CodeIgniter\Session\Handlers\FileHandler' driver.
INFO - 2024-01-04 13:41:48 --> Session: Class initialized using 'CodeIgniter\Session\Handlers\FileHandler' driver.
INFO - 2024-01-04 13:42:06 --> Session: Class initialized using 'CodeIgniter\Session\Handlers\FileHandler' driver.
INFO - 2024-01-04 13:42:53 --> Session: Class initialized using 'CodeIgniter\Session\Handlers\FileHandler' driver.
INFO - 2024-01-04 13:42:55 --> Session: Class initialized using 'CodeIgniter\Session\Handlers\FileHandler' driver.
INFO - 2024-01-04 13:44:01 --> Session: Class initialized using 'CodeIgniter\Session\Handlers\FileHandler' driver.
INFO - 2024-01-04 13:44:03 --> Session: Class initialized using 'CodeIgniter\Session\Handlers\FileHandler' driver.
INFO - 2024-01-04 13:44:13 --> Session: Class initialized using 'CodeIgniter\Session\Handlers\FileHandler' driver.
INFO - 2024-01-04 13:44:14 --> Session: Class initialized using 'CodeIgniter\Session\Handlers\FileHandler' driver.
INFO - 2024-01-04 13:44:24 --> Session: Class initialized using 'CodeIgniter\Session\Handlers\FileHandler' driver.
ERROR - 2024-01-04 13:44:25 --> mysqli_sql_exception: You have an error in your SQL syntax; check the manual that corresponds to your MariaDB server version for the right syntax to use near ')
 LIMIT 10' at line 6 in C:\flower-asset\vendor\codeigniter4\framework\system\Database\MySQLi\Connection.php:306
Stack trace:
#0 C:\flower-asset\vendor\codeigniter4\framework\system\Database\MySQLi\Connection.php(306): mysqli->query('SELECT `f`.`id`...', 0)
#1 C:\flower-asset\vendor\codeigniter4\framework\system\Database\BaseConnection.php(693): CodeIgniter\Database\MySQLi\Connection->execute('SELECT `f`.`id`...')
#2 C:\flower-asset\vendor\codeigniter4\framework\system\Database\BaseConnection.php(607): CodeIgniter\Database\BaseConnection->simpleQuery('SELECT `f`.`id`...')
#3 C:\flower-asset\vendor\codeigniter4\framework\system\Database\BaseBuilder.php(1615): CodeIgniter\Database\BaseConnection->query('SELECT `f`.`id`...', Array, false)
#4 C:\flower-asset\app\Action\Flowers\FetchIndexDataAction.php(52): CodeIgniter\Database\BaseBuilder->get()
#5 C:\flower-asset\app\Action\Flowers\FetchIndexDataAction.php(11): App\Action\Flowers\FetchIndexDataAction->getDtData(Array)
#6 C:\flower-asset\app\Controllers\FlowerController.php(37): App\Action\Flowers\FetchIndexDataAction->execute(Array)
#7 C:\flower-asset\vendor\codeigniter4\framework\system\CodeIgniter.php(942): App\Controllers\FlowerController->loadData()
#8 C:\flower-asset\vendor\codeigniter4\framework\system\CodeIgniter.php(502): CodeIgniter\CodeIgniter->runController(Object(App\Controllers\FlowerController))
#9 C:\flower-asset\vendor\codeigniter4\framework\system\CodeIgniter.php(361): CodeIgniter\CodeIgniter->handleRequest(NULL, Object(Config\Cache), false)
#10 C:\flower-asset\public\index.php(79): CodeIgniter\CodeIgniter->run()
#11 C:\flower-asset\vendor\codeigniter4\framework\system\Commands\Server\rewrite.php(47): require_once('C:\\flower-asset...')
#12 {main}
CRITICAL - 2024-01-04 13:44:25 --> You have an error in your SQL syntax; check the manual that corresponds to your MariaDB server version for the right syntax to use near ')
 LIMIT 10' at line 6
in SYSTEMPATH\Database\BaseConnection.php on line 647.
 1 SYSTEMPATH\Database\BaseBuilder.php(1615): CodeIgniter\Database\BaseConnection->query('SELECT `f`.`id`, `f`.`name`, `f`.`qty`, `f`.`image`, `f`.`created_date`, `ft`.`type`
FROM `t_flowers` as `f`
JOIN `t_flowers_type` as `ft` ON `ft`.`id` = `f`.`type`
WHERE `f`.`name` LIKE :f.name: ESCAPE \'!\'
OR  `f`.`qty` LIKE :f.qty: ESCAPE \'!\'
)
 LIMIT 10', [...], false)
 2 APPPATH\Action\Flowers\FetchIndexDataAction.php(52): CodeIgniter\Database\BaseBuilder->get()
 3 APPPATH\Action\Flowers\FetchIndexDataAction.php(11): App\Action\Flowers\FetchIndexDataAction->getDtData([...])
 4 APPPATH\Controllers\FlowerController.php(37): App\Action\Flowers\FetchIndexDataAction->execute([...])
 5 SYSTEMPATH\CodeIgniter.php(942): App\Controllers\FlowerController->loadData()
 6 SYSTEMPATH\CodeIgniter.php(502): CodeIgniter\CodeIgniter->runController(Object(App\Controllers\FlowerController))
 7 SYSTEMPATH\CodeIgniter.php(361): CodeIgniter\CodeIgniter->handleRequest(null, Object(Config\Cache), false)
 8 FCPATH\index.php(79): CodeIgniter\CodeIgniter->run()
 9 SYSTEMPATH\Commands\Server\rewrite.php(47): require_once('C:\\flower-asset\\public\\index.php')
INFO - 2024-01-04 13:44:25 --> Session: Class initialized using 'CodeIgniter\Session\Handlers\FileHandler' driver.
ERROR - 2024-01-04 13:44:25 --> mysqli_sql_exception: You have an error in your SQL syntax; check the manual that corresponds to your MariaDB server version for the right syntax to use near ')
 LIMIT 10' at line 6 in C:\flower-asset\vendor\codeigniter4\framework\system\Database\MySQLi\Connection.php:306
Stack trace:
#0 C:\flower-asset\vendor\codeigniter4\framework\system\Database\MySQLi\Connection.php(306): mysqli->query('SELECT `f`.`id`...', 0)
#1 C:\flower-asset\vendor\codeigniter4\framework\system\Database\BaseConnection.php(693): CodeIgniter\Database\MySQLi\Connection->execute('SELECT `f`.`id`...')
#2 C:\flower-asset\vendor\codeigniter4\framework\system\Database\BaseConnection.php(607): CodeIgniter\Database\BaseConnection->simpleQuery('SELECT `f`.`id`...')
#3 C:\flower-asset\vendor\codeigniter4\framework\system\Database\BaseBuilder.php(1615): CodeIgniter\Database\BaseConnection->query('SELECT `f`.`id`...', Array, false)
#4 C:\flower-asset\app\Action\Flowers\FetchIndexDataAction.php(52): CodeIgniter\Database\BaseBuilder->get()
#5 C:\flower-asset\app\Action\Flowers\FetchIndexDataAction.php(11): App\Action\Flowers\FetchIndexDataAction->getDtData(Array)
#6 C:\flower-asset\app\Controllers\FlowerController.php(37): App\Action\Flowers\FetchIndexDataAction->execute(Array)
#7 C:\flower-asset\vendor\codeigniter4\framework\system\CodeIgniter.php(942): App\Controllers\FlowerController->loadData()
#8 C:\flower-asset\vendor\codeigniter4\framework\system\CodeIgniter.php(502): CodeIgniter\CodeIgniter->runController(Object(App\Controllers\FlowerController))
#9 C:\flower-asset\vendor\codeigniter4\framework\system\CodeIgniter.php(361): CodeIgniter\CodeIgniter->handleRequest(NULL, Object(Config\Cache), false)
#10 C:\flower-asset\public\index.php(79): CodeIgniter\CodeIgniter->run()
#11 C:\flower-asset\vendor\codeigniter4\framework\system\Commands\Server\rewrite.php(47): require_once('C:\\flower-asset...')
#12 {main}
CRITICAL - 2024-01-04 13:44:25 --> You have an error in your SQL syntax; check the manual that corresponds to your MariaDB server version for the right syntax to use near ')
 LIMIT 10' at line 6
in SYSTEMPATH\Database\BaseConnection.php on line 647.
 1 SYSTEMPATH\Database\BaseBuilder.php(1615): CodeIgniter\Database\BaseConnection->query('SELECT `f`.`id`, `f`.`name`, `f`.`qty`, `f`.`image`, `f`.`created_date`, `ft`.`type`
FROM `t_flowers` as `f`
JOIN `t_flowers_type` as `ft` ON `ft`.`id` = `f`.`type`
WHERE `f`.`name` LIKE :f.name: ESCAPE \'!\'
OR  `f`.`qty` LIKE :f.qty: ESCAPE \'!\'
)
 LIMIT 10', [...], false)
 2 APPPATH\Action\Flowers\FetchIndexDataAction.php(52): CodeIgniter\Database\BaseBuilder->get()
 3 APPPATH\Action\Flowers\FetchIndexDataAction.php(11): App\Action\Flowers\FetchIndexDataAction->getDtData([...])
 4 APPPATH\Controllers\FlowerController.php(37): App\Action\Flowers\FetchIndexDataAction->execute([...])
 5 SYSTEMPATH\CodeIgniter.php(942): App\Controllers\FlowerController->loadData()
 6 SYSTEMPATH\CodeIgniter.php(502): CodeIgniter\CodeIgniter->runController(Object(App\Controllers\FlowerController))
 7 SYSTEMPATH\CodeIgniter.php(361): CodeIgniter\CodeIgniter->handleRequest(null, Object(Config\Cache), false)
 8 FCPATH\index.php(79): CodeIgniter\CodeIgniter->run()
 9 SYSTEMPATH\Commands\Server\rewrite.php(47): require_once('C:\\flower-asset\\public\\index.php')
INFO - 2024-01-04 13:44:25 --> Session: Class initialized using 'CodeIgniter\Session\Handlers\FileHandler' driver.
ERROR - 2024-01-04 13:44:25 --> mysqli_sql_exception: You have an error in your SQL syntax; check the manual that corresponds to your MariaDB server version for the right syntax to use near ')
 LIMIT 10' at line 6 in C:\flower-asset\vendor\codeigniter4\framework\system\Database\MySQLi\Connection.php:306
Stack trace:
#0 C:\flower-asset\vendor\codeigniter4\framework\system\Database\MySQLi\Connection.php(306): mysqli->query('SELECT `f`.`id`...', 0)
#1 C:\flower-asset\vendor\codeigniter4\framework\system\Database\BaseConnection.php(693): CodeIgniter\Database\MySQLi\Connection->execute('SELECT `f`.`id`...')
#2 C:\flower-asset\vendor\codeigniter4\framework\system\Database\BaseConnection.php(607): CodeIgniter\Database\BaseConnection->simpleQuery('SELECT `f`.`id`...')
#3 C:\flower-asset\vendor\codeigniter4\framework\system\Database\BaseBuilder.php(1615): CodeIgniter\Database\BaseConnection->query('SELECT `f`.`id`...', Array, false)
#4 C:\flower-asset\app\Action\Flowers\FetchIndexDataAction.php(52): CodeIgniter\Database\BaseBuilder->get()
#5 C:\flower-asset\app\Action\Flowers\FetchIndexDataAction.php(11): App\Action\Flowers\FetchIndexDataAction->getDtData(Array)
#6 C:\flower-asset\app\Controllers\FlowerController.php(37): App\Action\Flowers\FetchIndexDataAction->execute(Array)
#7 C:\flower-asset\vendor\codeigniter4\framework\system\CodeIgniter.php(942): App\Controllers\FlowerController->loadData()
#8 C:\flower-asset\vendor\codeigniter4\framework\system\CodeIgniter.php(502): CodeIgniter\CodeIgniter->runController(Object(App\Controllers\FlowerController))
#9 C:\flower-asset\vendor\codeigniter4\framework\system\CodeIgniter.php(361): CodeIgniter\CodeIgniter->handleRequest(NULL, Object(Config\Cache), false)
#10 C:\flower-asset\public\index.php(79): CodeIgniter\CodeIgniter->run()
#11 C:\flower-asset\vendor\codeigniter4\framework\system\Commands\Server\rewrite.php(47): require_once('C:\\flower-asset...')
#12 {main}
CRITICAL - 2024-01-04 13:44:25 --> You have an error in your SQL syntax; check the manual that corresponds to your MariaDB server version for the right syntax to use near ')
 LIMIT 10' at line 6
in SYSTEMPATH\Database\BaseConnection.php on line 647.
 1 SYSTEMPATH\Database\BaseBuilder.php(1615): CodeIgniter\Database\BaseConnection->query('SELECT `f`.`id`, `f`.`name`, `f`.`qty`, `f`.`image`, `f`.`created_date`, `ft`.`type`
FROM `t_flowers` as `f`
JOIN `t_flowers_type` as `ft` ON `ft`.`id` = `f`.`type`
WHERE `f`.`name` LIKE :f.name: ESCAPE \'!\'
OR  `f`.`qty` LIKE :f.qty: ESCAPE \'!\'
)
 LIMIT 10', [...], false)
 2 APPPATH\Action\Flowers\FetchIndexDataAction.php(52): CodeIgniter\Database\BaseBuilder->get()
 3 APPPATH\Action\Flowers\FetchIndexDataAction.php(11): App\Action\Flowers\FetchIndexDataAction->getDtData([...])
 4 APPPATH\Controllers\FlowerController.php(37): App\Action\Flowers\FetchIndexDataAction->execute([...])
 5 SYSTEMPATH\CodeIgniter.php(942): App\Controllers\FlowerController->loadData()
 6 SYSTEMPATH\CodeIgniter.php(502): CodeIgniter\CodeIgniter->runController(Object(App\Controllers\FlowerController))
 7 SYSTEMPATH\CodeIgniter.php(361): CodeIgniter\CodeIgniter->handleRequest(null, Object(Config\Cache), false)
 8 FCPATH\index.php(79): CodeIgniter\CodeIgniter->run()
 9 SYSTEMPATH\Commands\Server\rewrite.php(47): require_once('C:\\flower-asset\\public\\index.php')
INFO - 2024-01-04 13:44:26 --> Session: Class initialized using 'CodeIgniter\Session\Handlers\FileHandler' driver.
ERROR - 2024-01-04 13:44:26 --> mysqli_sql_exception: You have an error in your SQL syntax; check the manual that corresponds to your MariaDB server version for the right syntax to use near ')
 LIMIT 10' at line 6 in C:\flower-asset\vendor\codeigniter4\framework\system\Database\MySQLi\Connection.php:306
Stack trace:
#0 C:\flower-asset\vendor\codeigniter4\framework\system\Database\MySQLi\Connection.php(306): mysqli->query('SELECT `f`.`id`...', 0)
#1 C:\flower-asset\vendor\codeigniter4\framework\system\Database\BaseConnection.php(693): CodeIgniter\Database\MySQLi\Connection->execute('SELECT `f`.`id`...')
#2 C:\flower-asset\vendor\codeigniter4\framework\system\Database\BaseConnection.php(607): CodeIgniter\Database\BaseConnection->simpleQuery('SELECT `f`.`id`...')
#3 C:\flower-asset\vendor\codeigniter4\framework\system\Database\BaseBuilder.php(1615): CodeIgniter\Database\BaseConnection->query('SELECT `f`.`id`...', Array, false)
#4 C:\flower-asset\app\Action\Flowers\FetchIndexDataAction.php(52): CodeIgniter\Database\BaseBuilder->get()
#5 C:\flower-asset\app\Action\Flowers\FetchIndexDataAction.php(11): App\Action\Flowers\FetchIndexDataAction->getDtData(Array)
#6 C:\flower-asset\app\Controllers\FlowerController.php(37): App\Action\Flowers\FetchIndexDataAction->execute(Array)
#7 C:\flower-asset\vendor\codeigniter4\framework\system\CodeIgniter.php(942): App\Controllers\FlowerController->loadData()
#8 C:\flower-asset\vendor\codeigniter4\framework\system\CodeIgniter.php(502): CodeIgniter\CodeIgniter->runController(Object(App\Controllers\FlowerController))
#9 C:\flower-asset\vendor\codeigniter4\framework\system\CodeIgniter.php(361): CodeIgniter\CodeIgniter->handleRequest(NULL, Object(Config\Cache), false)
#10 C:\flower-asset\public\index.php(79): CodeIgniter\CodeIgniter->run()
#11 C:\flower-asset\vendor\codeigniter4\framework\system\Commands\Server\rewrite.php(47): require_once('C:\\flower-asset...')
#12 {main}
CRITICAL - 2024-01-04 13:44:26 --> You have an error in your SQL syntax; check the manual that corresponds to your MariaDB server version for the right syntax to use near ')
 LIMIT 10' at line 6
in SYSTEMPATH\Database\BaseConnection.php on line 647.
 1 SYSTEMPATH\Database\BaseBuilder.php(1615): CodeIgniter\Database\BaseConnection->query('SELECT `f`.`id`, `f`.`name`, `f`.`qty`, `f`.`image`, `f`.`created_date`, `ft`.`type`
FROM `t_flowers` as `f`
JOIN `t_flowers_type` as `ft` ON `ft`.`id` = `f`.`type`
WHERE `f`.`name` LIKE :f.name: ESCAPE \'!\'
OR  `f`.`qty` LIKE :f.qty: ESCAPE \'!\'
)
 LIMIT 10', [...], false)
 2 APPPATH\Action\Flowers\FetchIndexDataAction.php(52): CodeIgniter\Database\BaseBuilder->get()
 3 APPPATH\Action\Flowers\FetchIndexDataAction.php(11): App\Action\Flowers\FetchIndexDataAction->getDtData([...])
 4 APPPATH\Controllers\FlowerController.php(37): App\Action\Flowers\FetchIndexDataAction->execute([...])
 5 SYSTEMPATH\CodeIgniter.php(942): App\Controllers\FlowerController->loadData()
 6 SYSTEMPATH\CodeIgniter.php(502): CodeIgniter\CodeIgniter->runController(Object(App\Controllers\FlowerController))
 7 SYSTEMPATH\CodeIgniter.php(361): CodeIgniter\CodeIgniter->handleRequest(null, Object(Config\Cache), false)
 8 FCPATH\index.php(79): CodeIgniter\CodeIgniter->run()
 9 SYSTEMPATH\Commands\Server\rewrite.php(47): require_once('C:\\flower-asset\\public\\index.php')
INFO - 2024-01-04 13:44:27 --> Session: Class initialized using 'CodeIgniter\Session\Handlers\FileHandler' driver.
ERROR - 2024-01-04 13:44:27 --> mysqli_sql_exception: You have an error in your SQL syntax; check the manual that corresponds to your MariaDB server version for the right syntax to use near ')
 LIMIT 10' at line 6 in C:\flower-asset\vendor\codeigniter4\framework\system\Database\MySQLi\Connection.php:306
Stack trace:
#0 C:\flower-asset\vendor\codeigniter4\framework\system\Database\MySQLi\Connection.php(306): mysqli->query('SELECT `f`.`id`...', 0)
#1 C:\flower-asset\vendor\codeigniter4\framework\system\Database\BaseConnection.php(693): CodeIgniter\Database\MySQLi\Connection->execute('SELECT `f`.`id`...')
#2 C:\flower-asset\vendor\codeigniter4\framework\system\Database\BaseConnection.php(607): CodeIgniter\Database\BaseConnection->simpleQuery('SELECT `f`.`id`...')
#3 C:\flower-asset\vendor\codeigniter4\framework\system\Database\BaseBuilder.php(1615): CodeIgniter\Database\BaseConnection->query('SELECT `f`.`id`...', Array, false)
#4 C:\flower-asset\app\Action\Flowers\FetchIndexDataAction.php(52): CodeIgniter\Database\BaseBuilder->get()
#5 C:\flower-asset\app\Action\Flowers\FetchIndexDataAction.php(11): App\Action\Flowers\FetchIndexDataAction->getDtData(Array)
#6 C:\flower-asset\app\Controllers\FlowerController.php(37): App\Action\Flowers\FetchIndexDataAction->execute(Array)
#7 C:\flower-asset\vendor\codeigniter4\framework\system\CodeIgniter.php(942): App\Controllers\FlowerController->loadData()
#8 C:\flower-asset\vendor\codeigniter4\framework\system\CodeIgniter.php(502): CodeIgniter\CodeIgniter->runController(Object(App\Controllers\FlowerController))
#9 C:\flower-asset\vendor\codeigniter4\framework\system\CodeIgniter.php(361): CodeIgniter\CodeIgniter->handleRequest(NULL, Object(Config\Cache), false)
#10 C:\flower-asset\public\index.php(79): CodeIgniter\CodeIgniter->run()
#11 C:\flower-asset\vendor\codeigniter4\framework\system\Commands\Server\rewrite.php(47): require_once('C:\\flower-asset...')
#12 {main}
CRITICAL - 2024-01-04 13:44:27 --> You have an error in your SQL syntax; check the manual that corresponds to your MariaDB server version for the right syntax to use near ')
 LIMIT 10' at line 6
in SYSTEMPATH\Database\BaseConnection.php on line 647.
 1 SYSTEMPATH\Database\BaseBuilder.php(1615): CodeIgniter\Database\BaseConnection->query('SELECT `f`.`id`, `f`.`name`, `f`.`qty`, `f`.`image`, `f`.`created_date`, `ft`.`type`
FROM `t_flowers` as `f`
JOIN `t_flowers_type` as `ft` ON `ft`.`id` = `f`.`type`
WHERE `f`.`name` LIKE :f.name: ESCAPE \'!\'
OR  `f`.`qty` LIKE :f.qty: ESCAPE \'!\'
)
 LIMIT 10', [...], false)
 2 APPPATH\Action\Flowers\FetchIndexDataAction.php(52): CodeIgniter\Database\BaseBuilder->get()
 3 APPPATH\Action\Flowers\FetchIndexDataAction.php(11): App\Action\Flowers\FetchIndexDataAction->getDtData([...])
 4 APPPATH\Controllers\FlowerController.php(37): App\Action\Flowers\FetchIndexDataAction->execute([...])
 5 SYSTEMPATH\CodeIgniter.php(942): App\Controllers\FlowerController->loadData()
 6 SYSTEMPATH\CodeIgniter.php(502): CodeIgniter\CodeIgniter->runController(Object(App\Controllers\FlowerController))
 7 SYSTEMPATH\CodeIgniter.php(361): CodeIgniter\CodeIgniter->handleRequest(null, Object(Config\Cache), false)
 8 FCPATH\index.php(79): CodeIgniter\CodeIgniter->run()
 9 SYSTEMPATH\Commands\Server\rewrite.php(47): require_once('C:\\flower-asset\\public\\index.php')
INFO - 2024-01-04 13:44:27 --> Session: Class initialized using 'CodeIgniter\Session\Handlers\FileHandler' driver.
ERROR - 2024-01-04 13:44:27 --> mysqli_sql_exception: You have an error in your SQL syntax; check the manual that corresponds to your MariaDB server version for the right syntax to use near ')
 LIMIT 10' at line 6 in C:\flower-asset\vendor\codeigniter4\framework\system\Database\MySQLi\Connection.php:306
Stack trace:
#0 C:\flower-asset\vendor\codeigniter4\framework\system\Database\MySQLi\Connection.php(306): mysqli->query('SELECT `f`.`id`...', 0)
#1 C:\flower-asset\vendor\codeigniter4\framework\system\Database\BaseConnection.php(693): CodeIgniter\Database\MySQLi\Connection->execute('SELECT `f`.`id`...')
#2 C:\flower-asset\vendor\codeigniter4\framework\system\Database\BaseConnection.php(607): CodeIgniter\Database\BaseConnection->simpleQuery('SELECT `f`.`id`...')
#3 C:\flower-asset\vendor\codeigniter4\framework\system\Database\BaseBuilder.php(1615): CodeIgniter\Database\BaseConnection->query('SELECT `f`.`id`...', Array, false)
#4 C:\flower-asset\app\Action\Flowers\FetchIndexDataAction.php(52): CodeIgniter\Database\BaseBuilder->get()
#5 C:\flower-asset\app\Action\Flowers\FetchIndexDataAction.php(11): App\Action\Flowers\FetchIndexDataAction->getDtData(Array)
#6 C:\flower-asset\app\Controllers\FlowerController.php(37): App\Action\Flowers\FetchIndexDataAction->execute(Array)
#7 C:\flower-asset\vendor\codeigniter4\framework\system\CodeIgniter.php(942): App\Controllers\FlowerController->loadData()
#8 C:\flower-asset\vendor\codeigniter4\framework\system\CodeIgniter.php(502): CodeIgniter\CodeIgniter->runController(Object(App\Controllers\FlowerController))
#9 C:\flower-asset\vendor\codeigniter4\framework\system\CodeIgniter.php(361): CodeIgniter\CodeIgniter->handleRequest(NULL, Object(Config\Cache), false)
#10 C:\flower-asset\public\index.php(79): CodeIgniter\CodeIgniter->run()
#11 C:\flower-asset\vendor\codeigniter4\framework\system\Commands\Server\rewrite.php(47): require_once('C:\\flower-asset...')
#12 {main}
CRITICAL - 2024-01-04 13:44:27 --> You have an error in your SQL syntax; check the manual that corresponds to your MariaDB server version for the right syntax to use near ')
 LIMIT 10' at line 6
in SYSTEMPATH\Database\BaseConnection.php on line 647.
 1 SYSTEMPATH\Database\BaseBuilder.php(1615): CodeIgniter\Database\BaseConnection->query('SELECT `f`.`id`, `f`.`name`, `f`.`qty`, `f`.`image`, `f`.`created_date`, `ft`.`type`
FROM `t_flowers` as `f`
JOIN `t_flowers_type` as `ft` ON `ft`.`id` = `f`.`type`
WHERE `f`.`name` LIKE :f.name: ESCAPE \'!\'
OR  `f`.`qty` LIKE :f.qty: ESCAPE \'!\'
)
 LIMIT 10', [...], false)
 2 APPPATH\Action\Flowers\FetchIndexDataAction.php(52): CodeIgniter\Database\BaseBuilder->get()
 3 APPPATH\Action\Flowers\FetchIndexDataAction.php(11): App\Action\Flowers\FetchIndexDataAction->getDtData([...])
 4 APPPATH\Controllers\FlowerController.php(37): App\Action\Flowers\FetchIndexDataAction->execute([...])
 5 SYSTEMPATH\CodeIgniter.php(942): App\Controllers\FlowerController->loadData()
 6 SYSTEMPATH\CodeIgniter.php(502): CodeIgniter\CodeIgniter->runController(Object(App\Controllers\FlowerController))
 7 SYSTEMPATH\CodeIgniter.php(361): CodeIgniter\CodeIgniter->handleRequest(null, Object(Config\Cache), false)
 8 FCPATH\index.php(79): CodeIgniter\CodeIgniter->run()
 9 SYSTEMPATH\Commands\Server\rewrite.php(47): require_once('C:\\flower-asset\\public\\index.php')
INFO - 2024-01-04 13:44:27 --> Session: Class initialized using 'CodeIgniter\Session\Handlers\FileHandler' driver.
ERROR - 2024-01-04 13:44:27 --> mysqli_sql_exception: You have an error in your SQL syntax; check the manual that corresponds to your MariaDB server version for the right syntax to use near ')
 LIMIT 10' at line 6 in C:\flower-asset\vendor\codeigniter4\framework\system\Database\MySQLi\Connection.php:306
Stack trace:
#0 C:\flower-asset\vendor\codeigniter4\framework\system\Database\MySQLi\Connection.php(306): mysqli->query('SELECT `f`.`id`...', 0)
#1 C:\flower-asset\vendor\codeigniter4\framework\system\Database\BaseConnection.php(693): CodeIgniter\Database\MySQLi\Connection->execute('SELECT `f`.`id`...')
#2 C:\flower-asset\vendor\codeigniter4\framework\system\Database\BaseConnection.php(607): CodeIgniter\Database\BaseConnection->simpleQuery('SELECT `f`.`id`...')
#3 C:\flower-asset\vendor\codeigniter4\framework\system\Database\BaseBuilder.php(1615): CodeIgniter\Database\BaseConnection->query('SELECT `f`.`id`...', Array, false)
#4 C:\flower-asset\app\Action\Flowers\FetchIndexDataAction.php(52): CodeIgniter\Database\BaseBuilder->get()
#5 C:\flower-asset\app\Action\Flowers\FetchIndexDataAction.php(11): App\Action\Flowers\FetchIndexDataAction->getDtData(Array)
#6 C:\flower-asset\app\Controllers\FlowerController.php(37): App\Action\Flowers\FetchIndexDataAction->execute(Array)
#7 C:\flower-asset\vendor\codeigniter4\framework\system\CodeIgniter.php(942): App\Controllers\FlowerController->loadData()
#8 C:\flower-asset\vendor\codeigniter4\framework\system\CodeIgniter.php(502): CodeIgniter\CodeIgniter->runController(Object(App\Controllers\FlowerController))
#9 C:\flower-asset\vendor\codeigniter4\framework\system\CodeIgniter.php(361): CodeIgniter\CodeIgniter->handleRequest(NULL, Object(Config\Cache), false)
#10 C:\flower-asset\public\index.php(79): CodeIgniter\CodeIgniter->run()
#11 C:\flower-asset\vendor\codeigniter4\framework\system\Commands\Server\rewrite.php(47): require_once('C:\\flower-asset...')
#12 {main}
CRITICAL - 2024-01-04 13:44:27 --> You have an error in your SQL syntax; check the manual that corresponds to your MariaDB server version for the right syntax to use near ')
 LIMIT 10' at line 6
in SYSTEMPATH\Database\BaseConnection.php on line 647.
 1 SYSTEMPATH\Database\BaseBuilder.php(1615): CodeIgniter\Database\BaseConnection->query('SELECT `f`.`id`, `f`.`name`, `f`.`qty`, `f`.`image`, `f`.`created_date`, `ft`.`type`
FROM `t_flowers` as `f`
JOIN `t_flowers_type` as `ft` ON `ft`.`id` = `f`.`type`
WHERE `f`.`name` LIKE :f.name: ESCAPE \'!\'
OR  `f`.`qty` LIKE :f.qty: ESCAPE \'!\'
)
 LIMIT 10', [...], false)
 2 APPPATH\Action\Flowers\FetchIndexDataAction.php(52): CodeIgniter\Database\BaseBuilder->get()
 3 APPPATH\Action\Flowers\FetchIndexDataAction.php(11): App\Action\Flowers\FetchIndexDataAction->getDtData([...])
 4 APPPATH\Controllers\FlowerController.php(37): App\Action\Flowers\FetchIndexDataAction->execute([...])
 5 SYSTEMPATH\CodeIgniter.php(942): App\Controllers\FlowerController->loadData()
 6 SYSTEMPATH\CodeIgniter.php(502): CodeIgniter\CodeIgniter->runController(Object(App\Controllers\FlowerController))
 7 SYSTEMPATH\CodeIgniter.php(361): CodeIgniter\CodeIgniter->handleRequest(null, Object(Config\Cache), false)
 8 FCPATH\index.php(79): CodeIgniter\CodeIgniter->run()
 9 SYSTEMPATH\Commands\Server\rewrite.php(47): require_once('C:\\flower-asset\\public\\index.php')
INFO - 2024-01-04 13:44:28 --> Session: Class initialized using 'CodeIgniter\Session\Handlers\FileHandler' driver.
ERROR - 2024-01-04 13:44:28 --> mysqli_sql_exception: You have an error in your SQL syntax; check the manual that corresponds to your MariaDB server version for the right syntax to use near ')
 LIMIT 10' at line 6 in C:\flower-asset\vendor\codeigniter4\framework\system\Database\MySQLi\Connection.php:306
Stack trace:
#0 C:\flower-asset\vendor\codeigniter4\framework\system\Database\MySQLi\Connection.php(306): mysqli->query('SELECT `f`.`id`...', 0)
#1 C:\flower-asset\vendor\codeigniter4\framework\system\Database\BaseConnection.php(693): CodeIgniter\Database\MySQLi\Connection->execute('SELECT `f`.`id`...')
#2 C:\flower-asset\vendor\codeigniter4\framework\system\Database\BaseConnection.php(607): CodeIgniter\Database\BaseConnection->simpleQuery('SELECT `f`.`id`...')
#3 C:\flower-asset\vendor\codeigniter4\framework\system\Database\BaseBuilder.php(1615): CodeIgniter\Database\BaseConnection->query('SELECT `f`.`id`...', Array, false)
#4 C:\flower-asset\app\Action\Flowers\FetchIndexDataAction.php(52): CodeIgniter\Database\BaseBuilder->get()
#5 C:\flower-asset\app\Action\Flowers\FetchIndexDataAction.php(11): App\Action\Flowers\FetchIndexDataAction->getDtData(Array)
#6 C:\flower-asset\app\Controllers\FlowerController.php(37): App\Action\Flowers\FetchIndexDataAction->execute(Array)
#7 C:\flower-asset\vendor\codeigniter4\framework\system\CodeIgniter.php(942): App\Controllers\FlowerController->loadData()
#8 C:\flower-asset\vendor\codeigniter4\framework\system\CodeIgniter.php(502): CodeIgniter\CodeIgniter->runController(Object(App\Controllers\FlowerController))
#9 C:\flower-asset\vendor\codeigniter4\framework\system\CodeIgniter.php(361): CodeIgniter\CodeIgniter->handleRequest(NULL, Object(Config\Cache), false)
#10 C:\flower-asset\public\index.php(79): CodeIgniter\CodeIgniter->run()
#11 C:\flower-asset\vendor\codeigniter4\framework\system\Commands\Server\rewrite.php(47): require_once('C:\\flower-asset...')
#12 {main}
CRITICAL - 2024-01-04 13:44:28 --> You have an error in your SQL syntax; check the manual that corresponds to your MariaDB server version for the right syntax to use near ')
 LIMIT 10' at line 6
in SYSTEMPATH\Database\BaseConnection.php on line 647.
 1 SYSTEMPATH\Database\BaseBuilder.php(1615): CodeIgniter\Database\BaseConnection->query('SELECT `f`.`id`, `f`.`name`, `f`.`qty`, `f`.`image`, `f`.`created_date`, `ft`.`type`
FROM `t_flowers` as `f`
JOIN `t_flowers_type` as `ft` ON `ft`.`id` = `f`.`type`
WHERE `f`.`name` LIKE :f.name: ESCAPE \'!\'
OR  `f`.`qty` LIKE :f.qty: ESCAPE \'!\'
)
 LIMIT 10', [...], false)
 2 APPPATH\Action\Flowers\FetchIndexDataAction.php(52): CodeIgniter\Database\BaseBuilder->get()
 3 APPPATH\Action\Flowers\FetchIndexDataAction.php(11): App\Action\Flowers\FetchIndexDataAction->getDtData([...])
 4 APPPATH\Controllers\FlowerController.php(37): App\Action\Flowers\FetchIndexDataAction->execute([...])
 5 SYSTEMPATH\CodeIgniter.php(942): App\Controllers\FlowerController->loadData()
 6 SYSTEMPATH\CodeIgniter.php(502): CodeIgniter\CodeIgniter->runController(Object(App\Controllers\FlowerController))
 7 SYSTEMPATH\CodeIgniter.php(361): CodeIgniter\CodeIgniter->handleRequest(null, Object(Config\Cache), false)
 8 FCPATH\index.php(79): CodeIgniter\CodeIgniter->run()
 9 SYSTEMPATH\Commands\Server\rewrite.php(47): require_once('C:\\flower-asset\\public\\index.php')
INFO - 2024-01-04 13:44:29 --> Session: Class initialized using 'CodeIgniter\Session\Handlers\FileHandler' driver.
ERROR - 2024-01-04 13:44:29 --> mysqli_sql_exception: You have an error in your SQL syntax; check the manual that corresponds to your MariaDB server version for the right syntax to use near ')
 LIMIT 10' at line 6 in C:\flower-asset\vendor\codeigniter4\framework\system\Database\MySQLi\Connection.php:306
Stack trace:
#0 C:\flower-asset\vendor\codeigniter4\framework\system\Database\MySQLi\Connection.php(306): mysqli->query('SELECT `f`.`id`...', 0)
#1 C:\flower-asset\vendor\codeigniter4\framework\system\Database\BaseConnection.php(693): CodeIgniter\Database\MySQLi\Connection->execute('SELECT `f`.`id`...')
#2 C:\flower-asset\vendor\codeigniter4\framework\system\Database\BaseConnection.php(607): CodeIgniter\Database\BaseConnection->simpleQuery('SELECT `f`.`id`...')
#3 C:\flower-asset\vendor\codeigniter4\framework\system\Database\BaseBuilder.php(1615): CodeIgniter\Database\BaseConnection->query('SELECT `f`.`id`...', Array, false)
#4 C:\flower-asset\app\Action\Flowers\FetchIndexDataAction.php(52): CodeIgniter\Database\BaseBuilder->get()
#5 C:\flower-asset\app\Action\Flowers\FetchIndexDataAction.php(11): App\Action\Flowers\FetchIndexDataAction->getDtData(Array)
#6 C:\flower-asset\app\Controllers\FlowerController.php(37): App\Action\Flowers\FetchIndexDataAction->execute(Array)
#7 C:\flower-asset\vendor\codeigniter4\framework\system\CodeIgniter.php(942): App\Controllers\FlowerController->loadData()
#8 C:\flower-asset\vendor\codeigniter4\framework\system\CodeIgniter.php(502): CodeIgniter\CodeIgniter->runController(Object(App\Controllers\FlowerController))
#9 C:\flower-asset\vendor\codeigniter4\framework\system\CodeIgniter.php(361): CodeIgniter\CodeIgniter->handleRequest(NULL, Object(Config\Cache), false)
#10 C:\flower-asset\public\index.php(79): CodeIgniter\CodeIgniter->run()
#11 C:\flower-asset\vendor\codeigniter4\framework\system\Commands\Server\rewrite.php(47): require_once('C:\\flower-asset...')
#12 {main}
CRITICAL - 2024-01-04 13:44:29 --> You have an error in your SQL syntax; check the manual that corresponds to your MariaDB server version for the right syntax to use near ')
 LIMIT 10' at line 6
in SYSTEMPATH\Database\BaseConnection.php on line 647.
 1 SYSTEMPATH\Database\BaseBuilder.php(1615): CodeIgniter\Database\BaseConnection->query('SELECT `f`.`id`, `f`.`name`, `f`.`qty`, `f`.`image`, `f`.`created_date`, `ft`.`type`
FROM `t_flowers` as `f`
JOIN `t_flowers_type` as `ft` ON `ft`.`id` = `f`.`type`
WHERE `f`.`name` LIKE :f.name: ESCAPE \'!\'
OR  `f`.`qty` LIKE :f.qty: ESCAPE \'!\'
)
 LIMIT 10', [...], false)
 2 APPPATH\Action\Flowers\FetchIndexDataAction.php(52): CodeIgniter\Database\BaseBuilder->get()
 3 APPPATH\Action\Flowers\FetchIndexDataAction.php(11): App\Action\Flowers\FetchIndexDataAction->getDtData([...])
 4 APPPATH\Controllers\FlowerController.php(37): App\Action\Flowers\FetchIndexDataAction->execute([...])
 5 SYSTEMPATH\CodeIgniter.php(942): App\Controllers\FlowerController->loadData()
 6 SYSTEMPATH\CodeIgniter.php(502): CodeIgniter\CodeIgniter->runController(Object(App\Controllers\FlowerController))
 7 SYSTEMPATH\CodeIgniter.php(361): CodeIgniter\CodeIgniter->handleRequest(null, Object(Config\Cache), false)
 8 FCPATH\index.php(79): CodeIgniter\CodeIgniter->run()
 9 SYSTEMPATH\Commands\Server\rewrite.php(47): require_once('C:\\flower-asset\\public\\index.php')
INFO - 2024-01-04 13:44:32 --> Session: Class initialized using 'CodeIgniter\Session\Handlers\FileHandler' driver.
ERROR - 2024-01-04 13:44:32 --> mysqli_sql_exception: You have an error in your SQL syntax; check the manual that corresponds to your MariaDB server version for the right syntax to use near ')
 LIMIT 10' at line 6 in C:\flower-asset\vendor\codeigniter4\framework\system\Database\MySQLi\Connection.php:306
Stack trace:
#0 C:\flower-asset\vendor\codeigniter4\framework\system\Database\MySQLi\Connection.php(306): mysqli->query('SELECT `f`.`id`...', 0)
#1 C:\flower-asset\vendor\codeigniter4\framework\system\Database\BaseConnection.php(693): CodeIgniter\Database\MySQLi\Connection->execute('SELECT `f`.`id`...')
#2 C:\flower-asset\vendor\codeigniter4\framework\system\Database\BaseConnection.php(607): CodeIgniter\Database\BaseConnection->simpleQuery('SELECT `f`.`id`...')
#3 C:\flower-asset\vendor\codeigniter4\framework\system\Database\BaseBuilder.php(1615): CodeIgniter\Database\BaseConnection->query('SELECT `f`.`id`...', Array, false)
#4 C:\flower-asset\app\Action\Flowers\FetchIndexDataAction.php(52): CodeIgniter\Database\BaseBuilder->get()
#5 C:\flower-asset\app\Action\Flowers\FetchIndexDataAction.php(11): App\Action\Flowers\FetchIndexDataAction->getDtData(Array)
#6 C:\flower-asset\app\Controllers\FlowerController.php(37): App\Action\Flowers\FetchIndexDataAction->execute(Array)
#7 C:\flower-asset\vendor\codeigniter4\framework\system\CodeIgniter.php(942): App\Controllers\FlowerController->loadData()
#8 C:\flower-asset\vendor\codeigniter4\framework\system\CodeIgniter.php(502): CodeIgniter\CodeIgniter->runController(Object(App\Controllers\FlowerController))
#9 C:\flower-asset\vendor\codeigniter4\framework\system\CodeIgniter.php(361): CodeIgniter\CodeIgniter->handleRequest(NULL, Object(Config\Cache), false)
#10 C:\flower-asset\public\index.php(79): CodeIgniter\CodeIgniter->run()
#11 C:\flower-asset\vendor\codeigniter4\framework\system\Commands\Server\rewrite.php(47): require_once('C:\\flower-asset...')
#12 {main}
CRITICAL - 2024-01-04 13:44:32 --> You have an error in your SQL syntax; check the manual that corresponds to your MariaDB server version for the right syntax to use near ')
 LIMIT 10' at line 6
in SYSTEMPATH\Database\BaseConnection.php on line 647.
 1 SYSTEMPATH\Database\BaseBuilder.php(1615): CodeIgniter\Database\BaseConnection->query('SELECT `f`.`id`, `f`.`name`, `f`.`qty`, `f`.`image`, `f`.`created_date`, `ft`.`type`
FROM `t_flowers` as `f`
JOIN `t_flowers_type` as `ft` ON `ft`.`id` = `f`.`type`
WHERE `f`.`name` LIKE :f.name: ESCAPE \'!\'
OR  `f`.`qty` LIKE :f.qty: ESCAPE \'!\'
)
 LIMIT 10', [...], false)
 2 APPPATH\Action\Flowers\FetchIndexDataAction.php(52): CodeIgniter\Database\BaseBuilder->get()
 3 APPPATH\Action\Flowers\FetchIndexDataAction.php(11): App\Action\Flowers\FetchIndexDataAction->getDtData([...])
 4 APPPATH\Controllers\FlowerController.php(37): App\Action\Flowers\FetchIndexDataAction->execute([...])
 5 SYSTEMPATH\CodeIgniter.php(942): App\Controllers\FlowerController->loadData()
 6 SYSTEMPATH\CodeIgniter.php(502): CodeIgniter\CodeIgniter->runController(Object(App\Controllers\FlowerController))
 7 SYSTEMPATH\CodeIgniter.php(361): CodeIgniter\CodeIgniter->handleRequest(null, Object(Config\Cache), false)
 8 FCPATH\index.php(79): CodeIgniter\CodeIgniter->run()
 9 SYSTEMPATH\Commands\Server\rewrite.php(47): require_once('C:\\flower-asset\\public\\index.php')
INFO - 2024-01-04 13:44:33 --> Session: Class initialized using 'CodeIgniter\Session\Handlers\FileHandler' driver.
ERROR - 2024-01-04 13:44:33 --> mysqli_sql_exception: You have an error in your SQL syntax; check the manual that corresponds to your MariaDB server version for the right syntax to use near ')
 LIMIT 10' at line 6 in C:\flower-asset\vendor\codeigniter4\framework\system\Database\MySQLi\Connection.php:306
Stack trace:
#0 C:\flower-asset\vendor\codeigniter4\framework\system\Database\MySQLi\Connection.php(306): mysqli->query('SELECT `f`.`id`...', 0)
#1 C:\flower-asset\vendor\codeigniter4\framework\system\Database\BaseConnection.php(693): CodeIgniter\Database\MySQLi\Connection->execute('SELECT `f`.`id`...')
#2 C:\flower-asset\vendor\codeigniter4\framework\system\Database\BaseConnection.php(607): CodeIgniter\Database\BaseConnection->simpleQuery('SELECT `f`.`id`...')
#3 C:\flower-asset\vendor\codeigniter4\framework\system\Database\BaseBuilder.php(1615): CodeIgniter\Database\BaseConnection->query('SELECT `f`.`id`...', Array, false)
#4 C:\flower-asset\app\Action\Flowers\FetchIndexDataAction.php(52): CodeIgniter\Database\BaseBuilder->get()
#5 C:\flower-asset\app\Action\Flowers\FetchIndexDataAction.php(11): App\Action\Flowers\FetchIndexDataAction->getDtData(Array)
#6 C:\flower-asset\app\Controllers\FlowerController.php(37): App\Action\Flowers\FetchIndexDataAction->execute(Array)
#7 C:\flower-asset\vendor\codeigniter4\framework\system\CodeIgniter.php(942): App\Controllers\FlowerController->loadData()
#8 C:\flower-asset\vendor\codeigniter4\framework\system\CodeIgniter.php(502): CodeIgniter\CodeIgniter->runController(Object(App\Controllers\FlowerController))
#9 C:\flower-asset\vendor\codeigniter4\framework\system\CodeIgniter.php(361): CodeIgniter\CodeIgniter->handleRequest(NULL, Object(Config\Cache), false)
#10 C:\flower-asset\public\index.php(79): CodeIgniter\CodeIgniter->run()
#11 C:\flower-asset\vendor\codeigniter4\framework\system\Commands\Server\rewrite.php(47): require_once('C:\\flower-asset...')
#12 {main}
CRITICAL - 2024-01-04 13:44:33 --> You have an error in your SQL syntax; check the manual that corresponds to your MariaDB server version for the right syntax to use near ')
 LIMIT 10' at line 6
in SYSTEMPATH\Database\BaseConnection.php on line 647.
 1 SYSTEMPATH\Database\BaseBuilder.php(1615): CodeIgniter\Database\BaseConnection->query('SELECT `f`.`id`, `f`.`name`, `f`.`qty`, `f`.`image`, `f`.`created_date`, `ft`.`type`
FROM `t_flowers` as `f`
JOIN `t_flowers_type` as `ft` ON `ft`.`id` = `f`.`type`
WHERE `f`.`name` LIKE :f.name: ESCAPE \'!\'
OR  `f`.`qty` LIKE :f.qty: ESCAPE \'!\'
)
 LIMIT 10', [...], false)
 2 APPPATH\Action\Flowers\FetchIndexDataAction.php(52): CodeIgniter\Database\BaseBuilder->get()
 3 APPPATH\Action\Flowers\FetchIndexDataAction.php(11): App\Action\Flowers\FetchIndexDataAction->getDtData([...])
 4 APPPATH\Controllers\FlowerController.php(37): App\Action\Flowers\FetchIndexDataAction->execute([...])
 5 SYSTEMPATH\CodeIgniter.php(942): App\Controllers\FlowerController->loadData()
 6 SYSTEMPATH\CodeIgniter.php(502): CodeIgniter\CodeIgniter->runController(Object(App\Controllers\FlowerController))
 7 SYSTEMPATH\CodeIgniter.php(361): CodeIgniter\CodeIgniter->handleRequest(null, Object(Config\Cache), false)
 8 FCPATH\index.php(79): CodeIgniter\CodeIgniter->run()
 9 SYSTEMPATH\Commands\Server\rewrite.php(47): require_once('C:\\flower-asset\\public\\index.php')
INFO - 2024-01-04 13:44:33 --> Session: Class initialized using 'CodeIgniter\Session\Handlers\FileHandler' driver.
ERROR - 2024-01-04 13:44:33 --> mysqli_sql_exception: You have an error in your SQL syntax; check the manual that corresponds to your MariaDB server version for the right syntax to use near ')
 LIMIT 10' at line 6 in C:\flower-asset\vendor\codeigniter4\framework\system\Database\MySQLi\Connection.php:306
Stack trace:
#0 C:\flower-asset\vendor\codeigniter4\framework\system\Database\MySQLi\Connection.php(306): mysqli->query('SELECT `f`.`id`...', 0)
#1 C:\flower-asset\vendor\codeigniter4\framework\system\Database\BaseConnection.php(693): CodeIgniter\Database\MySQLi\Connection->execute('SELECT `f`.`id`...')
#2 C:\flower-asset\vendor\codeigniter4\framework\system\Database\BaseConnection.php(607): CodeIgniter\Database\BaseConnection->simpleQuery('SELECT `f`.`id`...')
#3 C:\flower-asset\vendor\codeigniter4\framework\system\Database\BaseBuilder.php(1615): CodeIgniter\Database\BaseConnection->query('SELECT `f`.`id`...', Array, false)
#4 C:\flower-asset\app\Action\Flowers\FetchIndexDataAction.php(52): CodeIgniter\Database\BaseBuilder->get()
#5 C:\flower-asset\app\Action\Flowers\FetchIndexDataAction.php(11): App\Action\Flowers\FetchIndexDataAction->getDtData(Array)
#6 C:\flower-asset\app\Controllers\FlowerController.php(37): App\Action\Flowers\FetchIndexDataAction->execute(Array)
#7 C:\flower-asset\vendor\codeigniter4\framework\system\CodeIgniter.php(942): App\Controllers\FlowerController->loadData()
#8 C:\flower-asset\vendor\codeigniter4\framework\system\CodeIgniter.php(502): CodeIgniter\CodeIgniter->runController(Object(App\Controllers\FlowerController))
#9 C:\flower-asset\vendor\codeigniter4\framework\system\CodeIgniter.php(361): CodeIgniter\CodeIgniter->handleRequest(NULL, Object(Config\Cache), false)
#10 C:\flower-asset\public\index.php(79): CodeIgniter\CodeIgniter->run()
#11 C:\flower-asset\vendor\codeigniter4\framework\system\Commands\Server\rewrite.php(47): require_once('C:\\flower-asset...')
#12 {main}
CRITICAL - 2024-01-04 13:44:33 --> You have an error in your SQL syntax; check the manual that corresponds to your MariaDB server version for the right syntax to use near ')
 LIMIT 10' at line 6
in SYSTEMPATH\Database\BaseConnection.php on line 647.
 1 SYSTEMPATH\Database\BaseBuilder.php(1615): CodeIgniter\Database\BaseConnection->query('SELECT `f`.`id`, `f`.`name`, `f`.`qty`, `f`.`image`, `f`.`created_date`, `ft`.`type`
FROM `t_flowers` as `f`
JOIN `t_flowers_type` as `ft` ON `ft`.`id` = `f`.`type`
WHERE `f`.`name` LIKE :f.name: ESCAPE \'!\'
OR  `f`.`qty` LIKE :f.qty: ESCAPE \'!\'
)
 LIMIT 10', [...], false)
 2 APPPATH\Action\Flowers\FetchIndexDataAction.php(52): CodeIgniter\Database\BaseBuilder->get()
 3 APPPATH\Action\Flowers\FetchIndexDataAction.php(11): App\Action\Flowers\FetchIndexDataAction->getDtData([...])
 4 APPPATH\Controllers\FlowerController.php(37): App\Action\Flowers\FetchIndexDataAction->execute([...])
 5 SYSTEMPATH\CodeIgniter.php(942): App\Controllers\FlowerController->loadData()
 6 SYSTEMPATH\CodeIgniter.php(502): CodeIgniter\CodeIgniter->runController(Object(App\Controllers\FlowerController))
 7 SYSTEMPATH\CodeIgniter.php(361): CodeIgniter\CodeIgniter->handleRequest(null, Object(Config\Cache), false)
 8 FCPATH\index.php(79): CodeIgniter\CodeIgniter->run()
 9 SYSTEMPATH\Commands\Server\rewrite.php(47): require_once('C:\\flower-asset\\public\\index.php')
INFO - 2024-01-04 13:44:34 --> Session: Class initialized using 'CodeIgniter\Session\Handlers\FileHandler' driver.
ERROR - 2024-01-04 13:44:34 --> mysqli_sql_exception: You have an error in your SQL syntax; check the manual that corresponds to your MariaDB server version for the right syntax to use near ')
 LIMIT 10' at line 6 in C:\flower-asset\vendor\codeigniter4\framework\system\Database\MySQLi\Connection.php:306
Stack trace:
#0 C:\flower-asset\vendor\codeigniter4\framework\system\Database\MySQLi\Connection.php(306): mysqli->query('SELECT `f`.`id`...', 0)
#1 C:\flower-asset\vendor\codeigniter4\framework\system\Database\BaseConnection.php(693): CodeIgniter\Database\MySQLi\Connection->execute('SELECT `f`.`id`...')
#2 C:\flower-asset\vendor\codeigniter4\framework\system\Database\BaseConnection.php(607): CodeIgniter\Database\BaseConnection->simpleQuery('SELECT `f`.`id`...')
#3 C:\flower-asset\vendor\codeigniter4\framework\system\Database\BaseBuilder.php(1615): CodeIgniter\Database\BaseConnection->query('SELECT `f`.`id`...', Array, false)
#4 C:\flower-asset\app\Action\Flowers\FetchIndexDataAction.php(52): CodeIgniter\Database\BaseBuilder->get()
#5 C:\flower-asset\app\Action\Flowers\FetchIndexDataAction.php(11): App\Action\Flowers\FetchIndexDataAction->getDtData(Array)
#6 C:\flower-asset\app\Controllers\FlowerController.php(37): App\Action\Flowers\FetchIndexDataAction->execute(Array)
#7 C:\flower-asset\vendor\codeigniter4\framework\system\CodeIgniter.php(942): App\Controllers\FlowerController->loadData()
#8 C:\flower-asset\vendor\codeigniter4\framework\system\CodeIgniter.php(502): CodeIgniter\CodeIgniter->runController(Object(App\Controllers\FlowerController))
#9 C:\flower-asset\vendor\codeigniter4\framework\system\CodeIgniter.php(361): CodeIgniter\CodeIgniter->handleRequest(NULL, Object(Config\Cache), false)
#10 C:\flower-asset\public\index.php(79): CodeIgniter\CodeIgniter->run()
#11 C:\flower-asset\vendor\codeigniter4\framework\system\Commands\Server\rewrite.php(47): require_once('C:\\flower-asset...')
#12 {main}
CRITICAL - 2024-01-04 13:44:34 --> You have an error in your SQL syntax; check the manual that corresponds to your MariaDB server version for the right syntax to use near ')
 LIMIT 10' at line 6
in SYSTEMPATH\Database\BaseConnection.php on line 647.
 1 SYSTEMPATH\Database\BaseBuilder.php(1615): CodeIgniter\Database\BaseConnection->query('SELECT `f`.`id`, `f`.`name`, `f`.`qty`, `f`.`image`, `f`.`created_date`, `ft`.`type`
FROM `t_flowers` as `f`
JOIN `t_flowers_type` as `ft` ON `ft`.`id` = `f`.`type`
WHERE `f`.`name` LIKE :f.name: ESCAPE \'!\'
OR  `f`.`qty` LIKE :f.qty: ESCAPE \'!\'
)
 LIMIT 10', [...], false)
 2 APPPATH\Action\Flowers\FetchIndexDataAction.php(52): CodeIgniter\Database\BaseBuilder->get()
 3 APPPATH\Action\Flowers\FetchIndexDataAction.php(11): App\Action\Flowers\FetchIndexDataAction->getDtData([...])
 4 APPPATH\Controllers\FlowerController.php(37): App\Action\Flowers\FetchIndexDataAction->execute([...])
 5 SYSTEMPATH\CodeIgniter.php(942): App\Controllers\FlowerController->loadData()
 6 SYSTEMPATH\CodeIgniter.php(502): CodeIgniter\CodeIgniter->runController(Object(App\Controllers\FlowerController))
 7 SYSTEMPATH\CodeIgniter.php(361): CodeIgniter\CodeIgniter->handleRequest(null, Object(Config\Cache), false)
 8 FCPATH\index.php(79): CodeIgniter\CodeIgniter->run()
 9 SYSTEMPATH\Commands\Server\rewrite.php(47): require_once('C:\\flower-asset\\public\\index.php')
INFO - 2024-01-04 13:44:34 --> Session: Class initialized using 'CodeIgniter\Session\Handlers\FileHandler' driver.
ERROR - 2024-01-04 13:44:34 --> mysqli_sql_exception: You have an error in your SQL syntax; check the manual that corresponds to your MariaDB server version for the right syntax to use near ')
 LIMIT 10' at line 6 in C:\flower-asset\vendor\codeigniter4\framework\system\Database\MySQLi\Connection.php:306
Stack trace:
#0 C:\flower-asset\vendor\codeigniter4\framework\system\Database\MySQLi\Connection.php(306): mysqli->query('SELECT `f`.`id`...', 0)
#1 C:\flower-asset\vendor\codeigniter4\framework\system\Database\BaseConnection.php(693): CodeIgniter\Database\MySQLi\Connection->execute('SELECT `f`.`id`...')
#2 C:\flower-asset\vendor\codeigniter4\framework\system\Database\BaseConnection.php(607): CodeIgniter\Database\BaseConnection->simpleQuery('SELECT `f`.`id`...')
#3 C:\flower-asset\vendor\codeigniter4\framework\system\Database\BaseBuilder.php(1615): CodeIgniter\Database\BaseConnection->query('SELECT `f`.`id`...', Array, false)
#4 C:\flower-asset\app\Action\Flowers\FetchIndexDataAction.php(52): CodeIgniter\Database\BaseBuilder->get()
#5 C:\flower-asset\app\Action\Flowers\FetchIndexDataAction.php(11): App\Action\Flowers\FetchIndexDataAction->getDtData(Array)
#6 C:\flower-asset\app\Controllers\FlowerController.php(37): App\Action\Flowers\FetchIndexDataAction->execute(Array)
#7 C:\flower-asset\vendor\codeigniter4\framework\system\CodeIgniter.php(942): App\Controllers\FlowerController->loadData()
#8 C:\flower-asset\vendor\codeigniter4\framework\system\CodeIgniter.php(502): CodeIgniter\CodeIgniter->runController(Object(App\Controllers\FlowerController))
#9 C:\flower-asset\vendor\codeigniter4\framework\system\CodeIgniter.php(361): CodeIgniter\CodeIgniter->handleRequest(NULL, Object(Config\Cache), false)
#10 C:\flower-asset\public\index.php(79): CodeIgniter\CodeIgniter->run()
#11 C:\flower-asset\vendor\codeigniter4\framework\system\Commands\Server\rewrite.php(47): require_once('C:\\flower-asset...')
#12 {main}
CRITICAL - 2024-01-04 13:44:34 --> You have an error in your SQL syntax; check the manual that corresponds to your MariaDB server version for the right syntax to use near ')
 LIMIT 10' at line 6
in SYSTEMPATH\Database\BaseConnection.php on line 647.
 1 SYSTEMPATH\Database\BaseBuilder.php(1615): CodeIgniter\Database\BaseConnection->query('SELECT `f`.`id`, `f`.`name`, `f`.`qty`, `f`.`image`, `f`.`created_date`, `ft`.`type`
FROM `t_flowers` as `f`
JOIN `t_flowers_type` as `ft` ON `ft`.`id` = `f`.`type`
WHERE `f`.`name` LIKE :f.name: ESCAPE \'!\'
OR  `f`.`qty` LIKE :f.qty: ESCAPE \'!\'
)
 LIMIT 10', [...], false)
 2 APPPATH\Action\Flowers\FetchIndexDataAction.php(52): CodeIgniter\Database\BaseBuilder->get()
 3 APPPATH\Action\Flowers\FetchIndexDataAction.php(11): App\Action\Flowers\FetchIndexDataAction->getDtData([...])
 4 APPPATH\Controllers\FlowerController.php(37): App\Action\Flowers\FetchIndexDataAction->execute([...])
 5 SYSTEMPATH\CodeIgniter.php(942): App\Controllers\FlowerController->loadData()
 6 SYSTEMPATH\CodeIgniter.php(502): CodeIgniter\CodeIgniter->runController(Object(App\Controllers\FlowerController))
 7 SYSTEMPATH\CodeIgniter.php(361): CodeIgniter\CodeIgniter->handleRequest(null, Object(Config\Cache), false)
 8 FCPATH\index.php(79): CodeIgniter\CodeIgniter->run()
 9 SYSTEMPATH\Commands\Server\rewrite.php(47): require_once('C:\\flower-asset\\public\\index.php')
INFO - 2024-01-04 13:44:35 --> Session: Class initialized using 'CodeIgniter\Session\Handlers\FileHandler' driver.
INFO - 2024-01-04 13:44:35 --> Session: Class initialized using 'CodeIgniter\Session\Handlers\FileHandler' driver.
ERROR - 2024-01-04 13:44:35 --> mysqli_sql_exception: You have an error in your SQL syntax; check the manual that corresponds to your MariaDB server version for the right syntax to use near ')
 LIMIT 10' at line 6 in C:\flower-asset\vendor\codeigniter4\framework\system\Database\MySQLi\Connection.php:306
Stack trace:
#0 C:\flower-asset\vendor\codeigniter4\framework\system\Database\MySQLi\Connection.php(306): mysqli->query('SELECT `f`.`id`...', 0)
#1 C:\flower-asset\vendor\codeigniter4\framework\system\Database\BaseConnection.php(693): CodeIgniter\Database\MySQLi\Connection->execute('SELECT `f`.`id`...')
#2 C:\flower-asset\vendor\codeigniter4\framework\system\Database\BaseConnection.php(607): CodeIgniter\Database\BaseConnection->simpleQuery('SELECT `f`.`id`...')
#3 C:\flower-asset\vendor\codeigniter4\framework\system\Database\BaseBuilder.php(1615): CodeIgniter\Database\BaseConnection->query('SELECT `f`.`id`...', Array, false)
#4 C:\flower-asset\app\Action\Flowers\FetchIndexDataAction.php(52): CodeIgniter\Database\BaseBuilder->get()
#5 C:\flower-asset\app\Action\Flowers\FetchIndexDataAction.php(11): App\Action\Flowers\FetchIndexDataAction->getDtData(Array)
#6 C:\flower-asset\app\Controllers\FlowerController.php(37): App\Action\Flowers\FetchIndexDataAction->execute(Array)
#7 C:\flower-asset\vendor\codeigniter4\framework\system\CodeIgniter.php(942): App\Controllers\FlowerController->loadData()
#8 C:\flower-asset\vendor\codeigniter4\framework\system\CodeIgniter.php(502): CodeIgniter\CodeIgniter->runController(Object(App\Controllers\FlowerController))
#9 C:\flower-asset\vendor\codeigniter4\framework\system\CodeIgniter.php(361): CodeIgniter\CodeIgniter->handleRequest(NULL, Object(Config\Cache), false)
#10 C:\flower-asset\public\index.php(79): CodeIgniter\CodeIgniter->run()
#11 C:\flower-asset\vendor\codeigniter4\framework\system\Commands\Server\rewrite.php(47): require_once('C:\\flower-asset...')
#12 {main}
CRITICAL - 2024-01-04 13:44:35 --> You have an error in your SQL syntax; check the manual that corresponds to your MariaDB server version for the right syntax to use near ')
 LIMIT 10' at line 6
in SYSTEMPATH\Database\BaseConnection.php on line 647.
 1 SYSTEMPATH\Database\BaseBuilder.php(1615): CodeIgniter\Database\BaseConnection->query('SELECT `f`.`id`, `f`.`name`, `f`.`qty`, `f`.`image`, `f`.`created_date`, `ft`.`type`
FROM `t_flowers` as `f`
JOIN `t_flowers_type` as `ft` ON `ft`.`id` = `f`.`type`
WHERE `f`.`name` LIKE :f.name: ESCAPE \'!\'
OR  `f`.`qty` LIKE :f.qty: ESCAPE \'!\'
)
 LIMIT 10', [...], false)
 2 APPPATH\Action\Flowers\FetchIndexDataAction.php(52): CodeIgniter\Database\BaseBuilder->get()
 3 APPPATH\Action\Flowers\FetchIndexDataAction.php(11): App\Action\Flowers\FetchIndexDataAction->getDtData([...])
 4 APPPATH\Controllers\FlowerController.php(37): App\Action\Flowers\FetchIndexDataAction->execute([...])
 5 SYSTEMPATH\CodeIgniter.php(942): App\Controllers\FlowerController->loadData()
 6 SYSTEMPATH\CodeIgniter.php(502): CodeIgniter\CodeIgniter->runController(Object(App\Controllers\FlowerController))
 7 SYSTEMPATH\CodeIgniter.php(361): CodeIgniter\CodeIgniter->handleRequest(null, Object(Config\Cache), false)
 8 FCPATH\index.php(79): CodeIgniter\CodeIgniter->run()
 9 SYSTEMPATH\Commands\Server\rewrite.php(47): require_once('C:\\flower-asset\\public\\index.php')
INFO - 2024-01-04 13:44:36 --> Session: Class initialized using 'CodeIgniter\Session\Handlers\FileHandler' driver.
ERROR - 2024-01-04 13:44:36 --> mysqli_sql_exception: You have an error in your SQL syntax; check the manual that corresponds to your MariaDB server version for the right syntax to use near ')
 LIMIT 10' at line 6 in C:\flower-asset\vendor\codeigniter4\framework\system\Database\MySQLi\Connection.php:306
Stack trace:
#0 C:\flower-asset\vendor\codeigniter4\framework\system\Database\MySQLi\Connection.php(306): mysqli->query('SELECT `f`.`id`...', 0)
#1 C:\flower-asset\vendor\codeigniter4\framework\system\Database\BaseConnection.php(693): CodeIgniter\Database\MySQLi\Connection->execute('SELECT `f`.`id`...')
#2 C:\flower-asset\vendor\codeigniter4\framework\system\Database\BaseConnection.php(607): CodeIgniter\Database\BaseConnection->simpleQuery('SELECT `f`.`id`...')
#3 C:\flower-asset\vendor\codeigniter4\framework\system\Database\BaseBuilder.php(1615): CodeIgniter\Database\BaseConnection->query('SELECT `f`.`id`...', Array, false)
#4 C:\flower-asset\app\Action\Flowers\FetchIndexDataAction.php(52): CodeIgniter\Database\BaseBuilder->get()
#5 C:\flower-asset\app\Action\Flowers\FetchIndexDataAction.php(11): App\Action\Flowers\FetchIndexDataAction->getDtData(Array)
#6 C:\flower-asset\app\Controllers\FlowerController.php(37): App\Action\Flowers\FetchIndexDataAction->execute(Array)
#7 C:\flower-asset\vendor\codeigniter4\framework\system\CodeIgniter.php(942): App\Controllers\FlowerController->loadData()
#8 C:\flower-asset\vendor\codeigniter4\framework\system\CodeIgniter.php(502): CodeIgniter\CodeIgniter->runController(Object(App\Controllers\FlowerController))
#9 C:\flower-asset\vendor\codeigniter4\framework\system\CodeIgniter.php(361): CodeIgniter\CodeIgniter->handleRequest(NULL, Object(Config\Cache), false)
#10 C:\flower-asset\public\index.php(79): CodeIgniter\CodeIgniter->run()
#11 C:\flower-asset\vendor\codeigniter4\framework\system\Commands\Server\rewrite.php(47): require_once('C:\\flower-asset...')
#12 {main}
CRITICAL - 2024-01-04 13:44:36 --> You have an error in your SQL syntax; check the manual that corresponds to your MariaDB server version for the right syntax to use near ')
 LIMIT 10' at line 6
in SYSTEMPATH\Database\BaseConnection.php on line 647.
 1 SYSTEMPATH\Database\BaseBuilder.php(1615): CodeIgniter\Database\BaseConnection->query('SELECT `f`.`id`, `f`.`name`, `f`.`qty`, `f`.`image`, `f`.`created_date`, `ft`.`type`
FROM `t_flowers` as `f`
JOIN `t_flowers_type` as `ft` ON `ft`.`id` = `f`.`type`
WHERE `f`.`name` LIKE :f.name: ESCAPE \'!\'
OR  `f`.`qty` LIKE :f.qty: ESCAPE \'!\'
)
 LIMIT 10', [...], false)
 2 APPPATH\Action\Flowers\FetchIndexDataAction.php(52): CodeIgniter\Database\BaseBuilder->get()
 3 APPPATH\Action\Flowers\FetchIndexDataAction.php(11): App\Action\Flowers\FetchIndexDataAction->getDtData([...])
 4 APPPATH\Controllers\FlowerController.php(37): App\Action\Flowers\FetchIndexDataAction->execute([...])
 5 SYSTEMPATH\CodeIgniter.php(942): App\Controllers\FlowerController->loadData()
 6 SYSTEMPATH\CodeIgniter.php(502): CodeIgniter\CodeIgniter->runController(Object(App\Controllers\FlowerController))
 7 SYSTEMPATH\CodeIgniter.php(361): CodeIgniter\CodeIgniter->handleRequest(null, Object(Config\Cache), false)
 8 FCPATH\index.php(79): CodeIgniter\CodeIgniter->run()
 9 SYSTEMPATH\Commands\Server\rewrite.php(47): require_once('C:\\flower-asset\\public\\index.php')
INFO - 2024-01-04 13:44:37 --> Session: Class initialized using 'CodeIgniter\Session\Handlers\FileHandler' driver.
ERROR - 2024-01-04 13:44:37 --> mysqli_sql_exception: You have an error in your SQL syntax; check the manual that corresponds to your MariaDB server version for the right syntax to use near ')
 LIMIT 10' at line 6 in C:\flower-asset\vendor\codeigniter4\framework\system\Database\MySQLi\Connection.php:306
Stack trace:
#0 C:\flower-asset\vendor\codeigniter4\framework\system\Database\MySQLi\Connection.php(306): mysqli->query('SELECT `f`.`id`...', 0)
#1 C:\flower-asset\vendor\codeigniter4\framework\system\Database\BaseConnection.php(693): CodeIgniter\Database\MySQLi\Connection->execute('SELECT `f`.`id`...')
#2 C:\flower-asset\vendor\codeigniter4\framework\system\Database\BaseConnection.php(607): CodeIgniter\Database\BaseConnection->simpleQuery('SELECT `f`.`id`...')
#3 C:\flower-asset\vendor\codeigniter4\framework\system\Database\BaseBuilder.php(1615): CodeIgniter\Database\BaseConnection->query('SELECT `f`.`id`...', Array, false)
#4 C:\flower-asset\app\Action\Flowers\FetchIndexDataAction.php(52): CodeIgniter\Database\BaseBuilder->get()
#5 C:\flower-asset\app\Action\Flowers\FetchIndexDataAction.php(11): App\Action\Flowers\FetchIndexDataAction->getDtData(Array)
#6 C:\flower-asset\app\Controllers\FlowerController.php(37): App\Action\Flowers\FetchIndexDataAction->execute(Array)
#7 C:\flower-asset\vendor\codeigniter4\framework\system\CodeIgniter.php(942): App\Controllers\FlowerController->loadData()
#8 C:\flower-asset\vendor\codeigniter4\framework\system\CodeIgniter.php(502): CodeIgniter\CodeIgniter->runController(Object(App\Controllers\FlowerController))
#9 C:\flower-asset\vendor\codeigniter4\framework\system\CodeIgniter.php(361): CodeIgniter\CodeIgniter->handleRequest(NULL, Object(Config\Cache), false)
#10 C:\flower-asset\public\index.php(79): CodeIgniter\CodeIgniter->run()
#11 C:\flower-asset\vendor\codeigniter4\framework\system\Commands\Server\rewrite.php(47): require_once('C:\\flower-asset...')
#12 {main}
CRITICAL - 2024-01-04 13:44:37 --> You have an error in your SQL syntax; check the manual that corresponds to your MariaDB server version for the right syntax to use near ')
 LIMIT 10' at line 6
in SYSTEMPATH\Database\BaseConnection.php on line 647.
 1 SYSTEMPATH\Database\BaseBuilder.php(1615): CodeIgniter\Database\BaseConnection->query('SELECT `f`.`id`, `f`.`name`, `f`.`qty`, `f`.`image`, `f`.`created_date`, `ft`.`type`
FROM `t_flowers` as `f`
JOIN `t_flowers_type` as `ft` ON `ft`.`id` = `f`.`type`
WHERE `f`.`name` LIKE :f.name: ESCAPE \'!\'
OR  `f`.`qty` LIKE :f.qty: ESCAPE \'!\'
)
 LIMIT 10', [...], false)
 2 APPPATH\Action\Flowers\FetchIndexDataAction.php(52): CodeIgniter\Database\BaseBuilder->get()
 3 APPPATH\Action\Flowers\FetchIndexDataAction.php(11): App\Action\Flowers\FetchIndexDataAction->getDtData([...])
 4 APPPATH\Controllers\FlowerController.php(37): App\Action\Flowers\FetchIndexDataAction->execute([...])
 5 SYSTEMPATH\CodeIgniter.php(942): App\Controllers\FlowerController->loadData()
 6 SYSTEMPATH\CodeIgniter.php(502): CodeIgniter\CodeIgniter->runController(Object(App\Controllers\FlowerController))
 7 SYSTEMPATH\CodeIgniter.php(361): CodeIgniter\CodeIgniter->handleRequest(null, Object(Config\Cache), false)
 8 FCPATH\index.php(79): CodeIgniter\CodeIgniter->run()
 9 SYSTEMPATH\Commands\Server\rewrite.php(47): require_once('C:\\flower-asset\\public\\index.php')
INFO - 2024-01-04 13:44:39 --> Session: Class initialized using 'CodeIgniter\Session\Handlers\FileHandler' driver.
ERROR - 2024-01-04 13:44:40 --> mysqli_sql_exception: You have an error in your SQL syntax; check the manual that corresponds to your MariaDB server version for the right syntax to use near ')
 LIMIT 10' at line 6 in C:\flower-asset\vendor\codeigniter4\framework\system\Database\MySQLi\Connection.php:306
Stack trace:
#0 C:\flower-asset\vendor\codeigniter4\framework\system\Database\MySQLi\Connection.php(306): mysqli->query('SELECT `f`.`id`...', 0)
#1 C:\flower-asset\vendor\codeigniter4\framework\system\Database\BaseConnection.php(693): CodeIgniter\Database\MySQLi\Connection->execute('SELECT `f`.`id`...')
#2 C:\flower-asset\vendor\codeigniter4\framework\system\Database\BaseConnection.php(607): CodeIgniter\Database\BaseConnection->simpleQuery('SELECT `f`.`id`...')
#3 C:\flower-asset\vendor\codeigniter4\framework\system\Database\BaseBuilder.php(1615): CodeIgniter\Database\BaseConnection->query('SELECT `f`.`id`...', Array, false)
#4 C:\flower-asset\app\Action\Flowers\FetchIndexDataAction.php(52): CodeIgniter\Database\BaseBuilder->get()
#5 C:\flower-asset\app\Action\Flowers\FetchIndexDataAction.php(11): App\Action\Flowers\FetchIndexDataAction->getDtData(Array)
#6 C:\flower-asset\app\Controllers\FlowerController.php(37): App\Action\Flowers\FetchIndexDataAction->execute(Array)
#7 C:\flower-asset\vendor\codeigniter4\framework\system\CodeIgniter.php(942): App\Controllers\FlowerController->loadData()
#8 C:\flower-asset\vendor\codeigniter4\framework\system\CodeIgniter.php(502): CodeIgniter\CodeIgniter->runController(Object(App\Controllers\FlowerController))
#9 C:\flower-asset\vendor\codeigniter4\framework\system\CodeIgniter.php(361): CodeIgniter\CodeIgniter->handleRequest(NULL, Object(Config\Cache), false)
#10 C:\flower-asset\public\index.php(79): CodeIgniter\CodeIgniter->run()
#11 C:\flower-asset\vendor\codeigniter4\framework\system\Commands\Server\rewrite.php(47): require_once('C:\\flower-asset...')
#12 {main}
CRITICAL - 2024-01-04 13:44:40 --> You have an error in your SQL syntax; check the manual that corresponds to your MariaDB server version for the right syntax to use near ')
 LIMIT 10' at line 6
in SYSTEMPATH\Database\BaseConnection.php on line 647.
 1 SYSTEMPATH\Database\BaseBuilder.php(1615): CodeIgniter\Database\BaseConnection->query('SELECT `f`.`id`, `f`.`name`, `f`.`qty`, `f`.`image`, `f`.`created_date`, `ft`.`type`
FROM `t_flowers` as `f`
JOIN `t_flowers_type` as `ft` ON `ft`.`id` = `f`.`type`
WHERE `f`.`name` LIKE :f.name: ESCAPE \'!\'
OR  `f`.`qty` LIKE :f.qty: ESCAPE \'!\'
)
 LIMIT 10', [...], false)
 2 APPPATH\Action\Flowers\FetchIndexDataAction.php(52): CodeIgniter\Database\BaseBuilder->get()
 3 APPPATH\Action\Flowers\FetchIndexDataAction.php(11): App\Action\Flowers\FetchIndexDataAction->getDtData([...])
 4 APPPATH\Controllers\FlowerController.php(37): App\Action\Flowers\FetchIndexDataAction->execute([...])
 5 SYSTEMPATH\CodeIgniter.php(942): App\Controllers\FlowerController->loadData()
 6 SYSTEMPATH\CodeIgniter.php(502): CodeIgniter\CodeIgniter->runController(Object(App\Controllers\FlowerController))
 7 SYSTEMPATH\CodeIgniter.php(361): CodeIgniter\CodeIgniter->handleRequest(null, Object(Config\Cache), false)
 8 FCPATH\index.php(79): CodeIgniter\CodeIgniter->run()
 9 SYSTEMPATH\Commands\Server\rewrite.php(47): require_once('C:\\flower-asset\\public\\index.php')
INFO - 2024-01-04 13:44:40 --> Session: Class initialized using 'CodeIgniter\Session\Handlers\FileHandler' driver.
INFO - 2024-01-04 13:44:55 --> Session: Class initialized using 'CodeIgniter\Session\Handlers\FileHandler' driver.
INFO - 2024-01-04 13:45:01 --> Session: Class initialized using 'CodeIgniter\Session\Handlers\FileHandler' driver.
INFO - 2024-01-04 13:45:02 --> Session: Class initialized using 'CodeIgniter\Session\Handlers\FileHandler' driver.
INFO - 2024-01-04 13:45:08 --> Session: Class initialized using 'CodeIgniter\Session\Handlers\FileHandler' driver.
INFO - 2024-01-04 13:45:09 --> Session: Class initialized using 'CodeIgniter\Session\Handlers\FileHandler' driver.
INFO - 2024-01-04 13:45:23 --> Session: Class initialized using 'CodeIgniter\Session\Handlers\FileHandler' driver.
INFO - 2024-01-04 13:45:26 --> Session: Class initialized using 'CodeIgniter\Session\Handlers\FileHandler' driver.
INFO - 2024-01-04 13:45:33 --> Session: Class initialized using 'CodeIgniter\Session\Handlers\FileHandler' driver.
INFO - 2024-01-04 13:45:34 --> Session: Class initialized using 'CodeIgniter\Session\Handlers\FileHandler' driver.
INFO - 2024-01-04 13:45:37 --> Session: Class initialized using 'CodeIgniter\Session\Handlers\FileHandler' driver.
INFO - 2024-01-04 13:45:43 --> Session: Class initialized using 'CodeIgniter\Session\Handlers\FileHandler' driver.
INFO - 2024-01-04 13:45:45 --> Session: Class initialized using 'CodeIgniter\Session\Handlers\FileHandler' driver.
INFO - 2024-01-04 13:45:50 --> Session: Class initialized using 'CodeIgniter\Session\Handlers\FileHandler' driver.
INFO - 2024-01-04 13:45:52 --> Session: Class initialized using 'CodeIgniter\Session\Handlers\FileHandler' driver.
INFO - 2024-01-04 13:45:56 --> Session: Class initialized using 'CodeIgniter\Session\Handlers\FileHandler' driver.
INFO - 2024-01-04 13:46:04 --> Session: Class initialized using 'CodeIgniter\Session\Handlers\FileHandler' driver.
INFO - 2024-01-04 13:46:05 --> Session: Class initialized using 'CodeIgniter\Session\Handlers\FileHandler' driver.
INFO - 2024-01-04 13:46:13 --> Session: Class initialized using 'CodeIgniter\Session\Handlers\FileHandler' driver.
INFO - 2024-01-04 13:46:16 --> Session: Class initialized using 'CodeIgniter\Session\Handlers\FileHandler' driver.
INFO - 2024-01-04 13:46:17 --> Session: Class initialized using 'CodeIgniter\Session\Handlers\FileHandler' driver.
INFO - 2024-01-04 13:46:20 --> Session: Class initialized using 'CodeIgniter\Session\Handlers\FileHandler' driver.
INFO - 2024-01-04 13:46:28 --> Session: Class initialized using 'CodeIgniter\Session\Handlers\FileHandler' driver.
INFO - 2024-01-04 13:46:29 --> Session: Class initialized using 'CodeIgniter\Session\Handlers\FileHandler' driver.
