CRITICAL - 2023-12-07 13:43:50 --> Invalid file: "dasboard/index.php"
in SYSTEMPATH\Exceptions\FrameworkException.php on line 39.
 1 SYSTEMPATH\View\View.php(216): CodeIgniter\Exceptions\FrameworkException::forInvalidFile('dasboard/index.php')
 2 SYSTEMPATH\Common.php(1190): CodeIgniter\View\View->render('dasboard/index', [], true)
 3 APPPATH\Controllers\Home.php(9): view('dasboard/index')
 4 SYSTEMPATH\CodeIgniter.php(942): App\Controllers\Home->index()
 5 SYSTEMPATH\CodeIgniter.php(502): CodeIgniter\CodeIgniter->runController(Object(App\Controllers\Home))
 6 SYSTEMPATH\CodeIgniter.php(361): CodeIgniter\CodeIgniter->handleRequest(null, Object(Config\Cache), false)
 7 FCPATH\index.php(79): CodeIgniter\CodeIgniter->run()
 8 SYSTEMPATH\Commands\Server\rewrite.php(47): require_once('D:\\Koding Related\\Source Code\\PHP\\Codeigniter 4\\OTHER\\flower-asset\\public\\index.php')
CRITICAL - 2023-12-07 13:43:56 --> Invalid file: "Dasboard/index.php"
in SYSTEMPATH\Exceptions\FrameworkException.php on line 39.
 1 SYSTEMPATH\View\View.php(216): CodeIgniter\Exceptions\FrameworkException::forInvalidFile('Dasboard/index.php')
 2 SYSTEMPATH\Common.php(1190): CodeIgniter\View\View->render('Dasboard/index', [], true)
 3 APPPATH\Controllers\Home.php(9): view('Dasboard/index')
 4 SYSTEMPATH\CodeIgniter.php(942): App\Controllers\Home->index()
 5 SYSTEMPATH\CodeIgniter.php(502): CodeIgniter\CodeIgniter->runController(Object(App\Controllers\Home))
 6 SYSTEMPATH\CodeIgniter.php(361): CodeIgniter\CodeIgniter->handleRequest(null, Object(Config\Cache), false)
 7 FCPATH\index.php(79): CodeIgniter\CodeIgniter->run()
 8 SYSTEMPATH\Commands\Server\rewrite.php(47): require_once('D:\\Koding Related\\Source Code\\PHP\\Codeigniter 4\\OTHER\\flower-asset\\public\\index.php')
CRITICAL - 2023-12-07 13:44:01 --> Call to undefined method CodeIgniter\View\View::extends()
in APPPATH\Views\Dashboard\index.php on line 1.
 1 SYSTEMPATH\View\View.php(228): include()
 2 SYSTEMPATH\View\View.php(231): CodeIgniter\View\View->CodeIgniter\View\{closure}()
 3 SYSTEMPATH\Common.php(1190): CodeIgniter\View\View->render('dashboard/index', [], true)
 4 APPPATH\Controllers\Home.php(9): view('dashboard/index')
 5 SYSTEMPATH\CodeIgniter.php(942): App\Controllers\Home->index()
 6 SYSTEMPATH\CodeIgniter.php(502): CodeIgniter\CodeIgniter->runController(Object(App\Controllers\Home))
 7 SYSTEMPATH\CodeIgniter.php(361): CodeIgniter\CodeIgniter->handleRequest(null, Object(Config\Cache), false)
 8 FCPATH\index.php(79): CodeIgniter\CodeIgniter->run()
 9 SYSTEMPATH\Commands\Server\rewrite.php(47): require_once('D:\\Koding Related\\Source Code\\PHP\\Codeigniter 4\\OTHER\\flower-asset\\public\\index.php')
